<?xml version="1.0" encoding="UTF-8"?>
<testsuite xmlns:xsi="http://www.w3.org/2001/XMLSchema-instance" xsi:noNamespaceSchemaLocation="https://maven.apache.org/surefire/maven-surefire-plugin/xsd/surefire-test-report.xsd" name="com.telefonica.futr.dao.test.repository.extension.WorkpWorkRepositoryTestTest" time="11.619" tests="2" errors="0" skipped="0" failures="0">
  <properties>
    <property name="sun.desktop" value="windows"/>
    <property name="awt.toolkit" value="sun.awt.windows.WToolkit"/>
    <property name="file.encoding.pkg" value="sun.io"/>
    <property name="java.specification.version" value="1.8"/>
    <property name="sun.cpu.isalist" value="amd64"/>
    <property name="sun.jnu.encoding" value="Cp1252"/>
    <property name="java.class.path" value="C:\Temporal\TestProyects\dao-Test\target\test-classes;C:\Temporal\TestProyects\dao-Test\target\classes;C:\Proyectos\Telefonica\Config\javaOptions\maven_repo\com\telefonica\coco\tap\tap-starter-data\4.4.5-15\tap-starter-data-4.4.5-15.jar;C:\Proyectos\Telefonica\Config\javaOptions\maven_repo\com\telefonica\coco\tap\tap-lib-data\4.4.5-15\tap-lib-data-4.4.5-15.jar;C:\Proyectos\Telefonica\Config\javaOptions\maven_repo\joda-time\joda-time\2.10.9\joda-time-2.10.9.jar;C:\Proyectos\Telefonica\Config\javaOptions\maven_repo\org\springframework\spring-orm\5.2.12.RELEASE\spring-orm-5.2.12.RELEASE.jar;C:\Proyectos\Telefonica\Config\javaOptions\maven_repo\org\springframework\spring-jdbc\5.2.12.RELEASE\spring-jdbc-5.2.12.RELEASE.jar;C:\Proyectos\Telefonica\Config\javaOptions\maven_repo\org\springframework\boot\spring-boot-starter-data-jpa\2.2.13.RELEASE\spring-boot-starter-data-jpa-2.2.13.RELEASE.jar;C:\Proyectos\Telefonica\Config\javaOptions\maven_repo\org\springframework\boot\spring-boot-starter-aop\2.2.13.RELEASE\spring-boot-starter-aop-2.2.13.RELEASE.jar;C:\Proyectos\Telefonica\Config\javaOptions\maven_repo\jakarta\persistence\jakarta.persistence-api\2.2.3\jakarta.persistence-api-2.2.3.jar;C:\Proyectos\Telefonica\Config\javaOptions\maven_repo\jakarta\transaction\jakarta.transaction-api\1.3.3\jakarta.transaction-api-1.3.3.jar;C:\Proyectos\Telefonica\Config\javaOptions\maven_repo\org\springframework\boot\spring-boot-starter-jdbc\2.2.13.RELEASE\spring-boot-starter-jdbc-2.2.13.RELEASE.jar;C:\Proyectos\Telefonica\Config\javaOptions\maven_repo\org\springframework\spring-aspects\5.2.12.RELEASE\spring-aspects-5.2.12.RELEASE.jar;C:\Proyectos\Telefonica\Config\javaOptions\maven_repo\org\springframework\spring-tx\5.2.12.RELEASE\spring-tx-5.2.12.RELEASE.jar;C:\Proyectos\Telefonica\Config\javaOptions\maven_repo\com\zaxxer\HikariCP\4.0.3\HikariCP-4.0.3.jar;C:\Proyectos\Telefonica\Config\javaOptions\maven_repo\org\slf4j\slf4j-api\1.7.30\slf4j-api-1.7.30.jar;C:\Proyectos\Telefonica\Config\javaOptions\maven_repo\com\oracle\database\jdbc\ojdbc8\19.17.0.0\ojdbc8-19.17.0.0.jar;C:\Proyectos\Telefonica\Config\javaOptions\maven_repo\org\eclipse\persistence\org.eclipse.persistence.jpa\2.7.8\org.eclipse.persistence.jpa-2.7.8.jar;C:\Proyectos\Telefonica\Config\javaOptions\maven_repo\org\eclipse\persistence\jakarta.persistence\2.2.3\jakarta.persistence-2.2.3.jar;C:\Proyectos\Telefonica\Config\javaOptions\maven_repo\org\eclipse\persistence\org.eclipse.persistence.asm\2.7.8\org.eclipse.persistence.asm-2.7.8.jar;C:\Proyectos\Telefonica\Config\javaOptions\maven_repo\org\eclipse\persistence\org.eclipse.persistence.antlr\2.7.8\org.eclipse.persistence.antlr-2.7.8.jar;C:\Proyectos\Telefonica\Config\javaOptions\maven_repo\org\eclipse\persistence\org.eclipse.persistence.jpa.jpql\2.7.8\org.eclipse.persistence.jpa.jpql-2.7.8.jar;C:\Proyectos\Telefonica\Config\javaOptions\maven_repo\org\eclipse\persistence\org.eclipse.persistence.core\2.7.8\org.eclipse.persistence.core-2.7.8.jar;C:\Proyectos\Telefonica\Config\javaOptions\maven_repo\org\eclipse\persistence\org.eclipse.persistence.oracle\2.7.8\org.eclipse.persistence.oracle-2.7.8.jar;C:\Proyectos\Telefonica\Config\javaOptions\maven_repo\com\telefonica\coco\tap\tap-starter-core\4.4.5-15\tap-starter-core-4.4.5-15.jar;C:\Proyectos\Telefonica\Config\javaOptions\maven_repo\com\telefonica\coco\tap\tap-autoconfigure\4.4.5-15\tap-autoconfigure-4.4.5-15.jar;C:\Proyectos\Telefonica\Config\javaOptions\maven_repo\org\springframework\boot\spring-boot-autoconfigure\2.2.13.RELEASE\spring-boot-autoconfigure-2.2.13.RELEASE.jar;C:\Proyectos\Telefonica\Config\javaOptions\maven_repo\org\springframework\boot\spring-boot\2.2.13.RELEASE\spring-boot-2.2.13.RELEASE.jar;C:\Proyectos\Telefonica\Config\javaOptions\maven_repo\org\springframework\boot\spring-boot-actuator-autoconfigure\2.2.13.RELEASE\spring-boot-actuator-autoconfigure-2.2.13.RELEASE.jar;C:\Proyectos\Telefonica\Config\javaOptions\maven_repo\org\springframework\boot\spring-boot-actuator\2.2.13.RELEASE\spring-boot-actuator-2.2.13.RELEASE.jar;C:\Proyectos\Telefonica\Config\javaOptions\maven_repo\com\telefonica\coco\tap\tap-lib-core\4.4.5-15\tap-lib-core-4.4.5-15.jar;C:\Proyectos\Telefonica\Config\javaOptions\maven_repo\org\springframework\spring-web\5.2.12.RELEASE\spring-web-5.2.12.RELEASE.jar;C:\Proyectos\Telefonica\Config\javaOptions\maven_repo\org\springframework\spring-webmvc\5.2.12.RELEASE\spring-webmvc-5.2.12.RELEASE.jar;C:\Proyectos\Telefonica\Config\javaOptions\maven_repo\org\springframework\spring-expression\5.2.12.RELEASE\spring-expression-5.2.12.RELEASE.jar;C:\Proyectos\Telefonica\Config\javaOptions\maven_repo\org\springframework\spring-context\5.2.12.RELEASE\spring-context-5.2.12.RELEASE.jar;C:\Proyectos\Telefonica\Config\javaOptions\maven_repo\org\springframework\spring-core\5.2.12.RELEASE\spring-core-5.2.12.RELEASE.jar;C:\Proyectos\Telefonica\Config\javaOptions\maven_repo\org\springframework\spring-jcl\5.2.12.RELEASE\spring-jcl-5.2.12.RELEASE.jar;C:\Proyectos\Telefonica\Config\javaOptions\maven_repo\org\springframework\spring-aop\5.2.12.RELEASE\spring-aop-5.2.12.RELEASE.jar;C:\Proyectos\Telefonica\Config\javaOptions\maven_repo\org\aspectj\aspectjweaver\1.9.6\aspectjweaver-1.9.6.jar;C:\Proyectos\Telefonica\Config\javaOptions\maven_repo\com\google\guava\guava\28.1-jre\guava-28.1-jre.jar;C:\Proyectos\Telefonica\Config\javaOptions\maven_repo\com\google\guava\failureaccess\1.0.1\failureaccess-1.0.1.jar;C:\Proyectos\Telefonica\Config\javaOptions\maven_repo\com\google\guava\listenablefuture\9999.0-empty-to-avoid-conflict-with-guava\listenablefuture-9999.0-empty-to-avoid-conflict-with-guava.jar;C:\Proyectos\Telefonica\Config\javaOptions\maven_repo\com\google\code\findbugs\jsr305\3.0.2\jsr305-3.0.2.jar;C:\Proyectos\Telefonica\Config\javaOptions\maven_repo\org\checkerframework\checker-qual\2.8.1\checker-qual-2.8.1.jar;C:\Proyectos\Telefonica\Config\javaOptions\maven_repo\com\google\errorprone\error_prone_annotations\2.3.2\error_prone_annotations-2.3.2.jar;C:\Proyectos\Telefonica\Config\javaOptions\maven_repo\com\google\j2objc\j2objc-annotations\1.3\j2objc-annotations-1.3.jar;C:\Proyectos\Telefonica\Config\javaOptions\maven_repo\org\codehaus\mojo\animal-sniffer-annotations\1.18\animal-sniffer-annotations-1.18.jar;C:\Proyectos\Telefonica\Config\javaOptions\maven_repo\com\fasterxml\jackson\core\jackson-databind\2.10.5.1-telco-1\jackson-databind-2.10.5.1-telco-1.jar;C:\Proyectos\Telefonica\Config\javaOptions\maven_repo\com\fasterxml\jackson\core\jackson-annotations\2.10.5\jackson-annotations-2.10.5.jar;C:\Proyectos\Telefonica\Config\javaOptions\maven_repo\com\fasterxml\jackson\core\jackson-core\2.10.5\jackson-core-2.10.5.jar;C:\Proyectos\Telefonica\Config\javaOptions\maven_repo\com\fasterxml\jackson\datatype\jackson-datatype-jsr310\2.10.5\jackson-datatype-jsr310-2.10.5.jar;C:\Proyectos\Telefonica\Config\javaOptions\maven_repo\uk\co\jemos\podam\podam\7.2.6.RELEASE\podam-7.2.6.RELEASE.jar;C:\Proyectos\Telefonica\Config\javaOptions\maven_repo\net\jcip\jcip-annotations\1.0\jcip-annotations-1.0.jar;C:\Proyectos\Telefonica\Config\javaOptions\maven_repo\javax\validation\validation-api\2.0.1.Final\validation-api-2.0.1.Final.jar;C:\Proyectos\Telefonica\Config\javaOptions\maven_repo\com\athaydes\rawhttp\rawhttp-core\2.4.1\rawhttp-core-2.4.1.jar;C:\Proyectos\Telefonica\Config\javaOptions\maven_repo\org\apache\httpcomponents\httpclient\4.5.13\httpclient-4.5.13.jar;C:\Proyectos\Telefonica\Config\javaOptions\maven_repo\org\apache\httpcomponents\httpcore\4.4.14\httpcore-4.4.14.jar;C:\Proyectos\Telefonica\Config\javaOptions\maven_repo\commons-codec\commons-codec\1.13\commons-codec-1.13.jar;C:\Proyectos\Telefonica\Config\javaOptions\maven_repo\org\jvnet\jaxb2_commons\jaxb2-basics-runtime\0.9.5\jaxb2-basics-runtime-0.9.5.jar;C:\Proyectos\Telefonica\Config\javaOptions\maven_repo\commons-lang\commons-lang\2.6\commons-lang-2.6.jar;C:\Proyectos\Telefonica\Config\javaOptions\maven_repo\commons-beanutils\commons-beanutils\1.9.2\commons-beanutils-1.9.2.jar;C:\Proyectos\Telefonica\Config\javaOptions\maven_repo\commons-collections\commons-collections\3.2.1\commons-collections-3.2.1.jar;C:\Proyectos\Telefonica\Config\javaOptions\maven_repo\ch\qos\logback\logback-classic\1.2.3\logback-classic-1.2.3.jar;C:\Proyectos\Telefonica\Config\javaOptions\maven_repo\ch\qos\logback\logback-core\1.2.3\logback-core-1.2.3.jar;C:\Proyectos\Telefonica\Config\javaOptions\maven_repo\net\logstash\logback\logstash-logback-encoder\7.3\logstash-logback-encoder-7.3.jar;C:\Proyectos\Telefonica\Config\javaOptions\maven_repo\org\hibernate\validator\hibernate-validator\6.0.22.Final\hibernate-validator-6.0.22.Final.jar;C:\Proyectos\Telefonica\Config\javaOptions\maven_repo\org\jboss\logging\jboss-logging\3.4.1.Final\jboss-logging-3.4.1.Final.jar;C:\Proyectos\Telefonica\Config\javaOptions\maven_repo\com\fasterxml\classmate\1.5.1\classmate-1.5.1.jar;C:\Proyectos\Telefonica\Config\javaOptions\maven_repo\com\github\bohnman\squiggly-filter-jackson\1.3.18\squiggly-filter-jackson-1.3.18.jar;C:\Proyectos\Telefonica\Config\javaOptions\maven_repo\org\antlr\antlr4-runtime\4.6\antlr4-runtime-4.6.jar;C:\Proyectos\Telefonica\Config\javaOptions\maven_repo\com\telefonica\coco\tap\tap-lib-audit\4.4.5-15\tap-lib-audit-4.4.5-15.jar;C:\Proyectos\Telefonica\Config\javaOptions\maven_repo\com\telefonica\coco\tap\tap-lib-cache\4.4.5-15\tap-lib-cache-4.4.5-15.jar;C:\Proyectos\Telefonica\Config\javaOptions\maven_repo\org\springframework\spring-context-support\5.2.12.RELEASE\spring-context-support-5.2.12.RELEASE.jar;C:\Proyectos\Telefonica\Config\javaOptions\maven_repo\com\jayway\jsonpath\json-path\2.4.0\json-path-2.4.0.jar;C:\Proyectos\Telefonica\Config\javaOptions\maven_repo\net\minidev\json-smart\2.3\json-smart-2.3.jar;C:\Proyectos\Telefonica\Config\javaOptions\maven_repo\net\minidev\accessors-smart\1.2\accessors-smart-1.2.jar;C:\Proyectos\Telefonica\Config\javaOptions\maven_repo\org\ow2\asm\asm\5.0.4\asm-5.0.4.jar;C:\Proyectos\Telefonica\Config\javaOptions\maven_repo\org\slf4j\log4j-over-slf4j\1.7.30\log4j-over-slf4j-1.7.30.jar;C:\Proyectos\Telefonica\Config\javaOptions\maven_repo\com\telefonica\coco\tap\tap-lib-config-server\4.4.5-15\tap-lib-config-server-4.4.5-15.jar;C:\Proyectos\Telefonica\Config\javaOptions\maven_repo\org\springframework\boot\spring-boot-starter\2.2.13.RELEASE\spring-boot-starter-2.2.13.RELEASE.jar;C:\Proyectos\Telefonica\Config\javaOptions\maven_repo\jakarta\annotation\jakarta.annotation-api\1.3.5\jakarta.annotation-api-1.3.5.jar;C:\Proyectos\Telefonica\Config\javaOptions\maven_repo\org\yaml\snakeyaml\1.25\snakeyaml-1.25.jar;C:\Proyectos\Telefonica\Config\javaOptions\maven_repo\org\springframework\cloud\spring-cloud-context\2.2.7.RELEASE\spring-cloud-context-2.2.7.RELEASE.jar;C:\Proyectos\Telefonica\Config\javaOptions\maven_repo\org\springframework\security\spring-security-crypto\5.2.8.RELEASE\spring-security-crypto-5.2.8.RELEASE.jar;C:\Proyectos\Telefonica\Config\javaOptions\maven_repo\org\apache\curator\curator-recipes\5.6.0\curator-recipes-5.6.0.jar;C:\Proyectos\Telefonica\Config\javaOptions\maven_repo\org\apache\curator\curator-framework\5.6.0\curator-framework-5.6.0.jar;C:\Proyectos\Telefonica\Config\javaOptions\maven_repo\org\apache\curator\curator-client\5.6.0\curator-client-5.6.0.jar;C:\Proyectos\Telefonica\Config\javaOptions\maven_repo\org\apache\zookeeper\zookeeper\3.7.2\zookeeper-3.7.2.jar;C:\Proyectos\Telefonica\Config\javaOptions\maven_repo\org\apache\zookeeper\zookeeper-jute\3.7.2\zookeeper-jute-3.7.2.jar;C:\Proyectos\Telefonica\Config\javaOptions\maven_repo\org\apache\yetus\audience-annotations\0.12.0\audience-annotations-0.12.0.jar;C:\Proyectos\Telefonica\Config\javaOptions\maven_repo\io\netty\netty-handler\4.1.58.Final\netty-handler-4.1.58.Final.jar;C:\Proyectos\Telefonica\Config\javaOptions\maven_repo\io\netty\netty-common\4.1.58.Final\netty-common-4.1.58.Final.jar;C:\Proyectos\Telefonica\Config\javaOptions\maven_repo\io\netty\netty-resolver\4.1.58.Final\netty-resolver-4.1.58.Final.jar;C:\Proyectos\Telefonica\Config\javaOptions\maven_repo\io\netty\netty-buffer\4.1.58.Final\netty-buffer-4.1.58.Final.jar;C:\Proyectos\Telefonica\Config\javaOptions\maven_repo\io\netty\netty-transport\4.1.58.Final\netty-transport-4.1.58.Final.jar;C:\Proyectos\Telefonica\Config\javaOptions\maven_repo\io\netty\netty-codec\4.1.58.Final\netty-codec-4.1.58.Final.jar;C:\Proyectos\Telefonica\Config\javaOptions\maven_repo\io\netty\netty-transport-native-epoll\4.1.58.Final\netty-transport-native-epoll-4.1.58.Final.jar;C:\Proyectos\Telefonica\Config\javaOptions\maven_repo\io\netty\netty-transport-native-unix-common\4.1.58.Final\netty-transport-native-unix-common-4.1.58.Final.jar;C:\Proyectos\Telefonica\Config\javaOptions\maven_repo\commons-io\commons-io\2.5\commons-io-2.5.jar;C:\Proyectos\Telefonica\Config\javaOptions\maven_repo\org\apache\commons\commons-lang3\3.7\commons-lang3-3.7.jar;C:\Proyectos\Telefonica\Config\javaOptions\maven_repo\com\telefonica\coco\tap\tap-lib-logging\4.4.5-15\tap-lib-logging-4.4.5-15.jar;C:\Proyectos\Telefonica\Config\javaOptions\maven_repo\org\aspectj\aspectjrt\1.9.6\aspectjrt-1.9.6.jar;C:\Proyectos\Telefonica\Config\javaOptions\maven_repo\org\springframework\boot\spring-boot-starter-logging\2.2.13.RELEASE\spring-boot-starter-logging-2.2.13.RELEASE.jar;C:\Proyectos\Telefonica\Config\javaOptions\maven_repo\org\slf4j\jul-to-slf4j\1.7.30\jul-to-slf4j-1.7.30.jar;C:\Proyectos\Telefonica\Config\javaOptions\maven_repo\net\rakugakibox\spring\boot\logback-access-spring-boot-starter\2.7.1\logback-access-spring-boot-starter-2.7.1.jar;C:\Proyectos\Telefonica\Config\javaOptions\maven_repo\org\springframework\boot\spring-boot-starter-web\2.2.13.RELEASE\spring-boot-starter-web-2.2.13.RELEASE.jar;C:\Proyectos\Telefonica\Config\javaOptions\maven_repo\org\springframework\boot\spring-boot-starter-json\2.2.13.RELEASE\spring-boot-starter-json-2.2.13.RELEASE.jar;C:\Proyectos\Telefonica\Config\javaOptions\maven_repo\com\fasterxml\jackson\datatype\jackson-datatype-jdk8\2.10.5\jackson-datatype-jdk8-2.10.5.jar;C:\Proyectos\Telefonica\Config\javaOptions\maven_repo\com\fasterxml\jackson\module\jackson-module-parameter-names\2.10.5\jackson-module-parameter-names-2.10.5.jar;C:\Proyectos\Telefonica\Config\javaOptions\maven_repo\ch\qos\logback\logback-access\1.2.3\logback-access-1.2.3.jar;C:\Proyectos\Telefonica\Config\javaOptions\maven_repo\com\telefonica\coco\tap\tap-lib-service-registry\4.4.5-15\tap-lib-service-registry-4.4.5-15.jar;C:\Proyectos\Telefonica\Config\javaOptions\maven_repo\com\telefonica\coco\tap\tap-lib-validation\4.4.5-15\tap-lib-validation-4.4.5-15.jar;C:\Proyectos\Telefonica\Config\javaOptions\maven_repo\org\springframework\boot\spring-boot-starter-validation\2.2.13.RELEASE\spring-boot-starter-validation-2.2.13.RELEASE.jar;C:\Proyectos\Telefonica\Config\javaOptions\maven_repo\jakarta\validation\jakarta.validation-api\2.0.2\jakarta.validation-api-2.0.2.jar;C:\Proyectos\Telefonica\Config\javaOptions\maven_repo\org\apache\tomcat\embed\tomcat-embed-el\9.0.41\tomcat-embed-el-9.0.41.jar;C:\Proyectos\Telefonica\Config\javaOptions\maven_repo\com\oracle\coherence\coherence\12.2.1-4-0\coherence-12.2.1-4-0.jar;C:\Proyectos\Telefonica\Config\javaOptions\maven_repo\org\mapstruct\mapstruct\1.3.1.Final\mapstruct-1.3.1.Final.jar;C:\Proyectos\Telefonica\Config\javaOptions\maven_repo\com\telefonica\coco\tap\tap-starter-test\4.4.5-15\tap-starter-test-4.4.5-15.jar;C:\Proyectos\Telefonica\Config\javaOptions\maven_repo\com\telefonica\coco\tap\tap-autoconfigure-test\4.4.5-15\tap-autoconfigure-test-4.4.5-15.jar;C:\Proyectos\Telefonica\Config\javaOptions\maven_repo\org\springframework\boot\spring-boot-starter-test\2.2.13.RELEASE\spring-boot-starter-test-2.2.13.RELEASE.jar;C:\Proyectos\Telefonica\Config\javaOptions\maven_repo\org\springframework\boot\spring-boot-test\2.2.13.RELEASE\spring-boot-test-2.2.13.RELEASE.jar;C:\Proyectos\Telefonica\Config\javaOptions\maven_repo\org\springframework\boot\spring-boot-test-autoconfigure\2.2.13.RELEASE\spring-boot-test-autoconfigure-2.2.13.RELEASE.jar;C:\Proyectos\Telefonica\Config\javaOptions\maven_repo\jakarta\xml\bind\jakarta.xml.bind-api\2.3.3\jakarta.xml.bind-api-2.3.3.jar;C:\Proyectos\Telefonica\Config\javaOptions\maven_repo\jakarta\activation\jakarta.activation-api\1.2.2\jakarta.activation-api-1.2.2.jar;C:\Proyectos\Telefonica\Config\javaOptions\maven_repo\org\junit\jupiter\junit-jupiter\5.7.0\junit-jupiter-5.7.0.jar;C:\Proyectos\Telefonica\Config\javaOptions\maven_repo\org\junit\jupiter\junit-jupiter-api\5.7.0\junit-jupiter-api-5.7.0.jar;C:\Proyectos\Telefonica\Config\javaOptions\maven_repo\org\opentest4j\opentest4j\1.2.0\opentest4j-1.2.0.jar;C:\Proyectos\Telefonica\Config\javaOptions\maven_repo\org\junit\platform\junit-platform-commons\1.7.0\junit-platform-commons-1.7.0.jar;C:\Proyectos\Telefonica\Config\javaOptions\maven_repo\org\junit\jupiter\junit-jupiter-params\5.7.0\junit-jupiter-params-5.7.0.jar;C:\Proyectos\Telefonica\Config\javaOptions\maven_repo\org\junit\jupiter\junit-jupiter-engine\5.7.0\junit-jupiter-engine-5.7.0.jar;C:\Proyectos\Telefonica\Config\javaOptions\maven_repo\org\junit\vintage\junit-vintage-engine\5.7.0\junit-vintage-engine-5.7.0.jar;C:\Proyectos\Telefonica\Config\javaOptions\maven_repo\org\apiguardian\apiguardian-api\1.1.0\apiguardian-api-1.1.0.jar;C:\Proyectos\Telefonica\Config\javaOptions\maven_repo\org\junit\platform\junit-platform-engine\1.7.0\junit-platform-engine-1.7.0.jar;C:\Proyectos\Telefonica\Config\javaOptions\maven_repo\org\mockito\mockito-junit-jupiter\3.1.0\mockito-junit-jupiter-3.1.0.jar;C:\Proyectos\Telefonica\Config\javaOptions\maven_repo\org\assertj\assertj-core\3.13.2\assertj-core-3.13.2.jar;C:\Proyectos\Telefonica\Config\javaOptions\maven_repo\org\hamcrest\hamcrest\2.1\hamcrest-2.1.jar;C:\Proyectos\Telefonica\Config\javaOptions\maven_repo\org\mockito\mockito-core\3.1.0\mockito-core-3.1.0.jar;C:\Proyectos\Telefonica\Config\javaOptions\maven_repo\net\bytebuddy\byte-buddy\1.10.19\byte-buddy-1.10.19.jar;C:\Proyectos\Telefonica\Config\javaOptions\maven_repo\net\bytebuddy\byte-buddy-agent\1.10.19\byte-buddy-agent-1.10.19.jar;C:\Proyectos\Telefonica\Config\javaOptions\maven_repo\org\objenesis\objenesis\2.6\objenesis-2.6.jar;C:\Proyectos\Telefonica\Config\javaOptions\maven_repo\org\skyscreamer\jsonassert\1.5.0\jsonassert-1.5.0.jar;C:\Proyectos\Telefonica\Config\javaOptions\maven_repo\com\vaadin\external\google\android-json\0.0.20131108.vaadin1\android-json-0.0.20131108.vaadin1.jar;C:\Proyectos\Telefonica\Config\javaOptions\maven_repo\org\xmlunit\xmlunit-core\2.6.4\xmlunit-core-2.6.4.jar;C:\Proyectos\Telefonica\Config\javaOptions\maven_repo\org\testcontainers\testcontainers\1.13.0\testcontainers-1.13.0.jar;C:\Proyectos\Telefonica\Config\javaOptions\maven_repo\junit\junit\4.12\junit-4.12.jar;C:\Proyectos\Telefonica\Config\javaOptions\maven_repo\org\hamcrest\hamcrest-core\2.1\hamcrest-core-2.1.jar;C:\Proyectos\Telefonica\Config\javaOptions\maven_repo\org\jetbrains\annotations\17.0.0\annotations-17.0.0.jar;C:\Proyectos\Telefonica\Config\javaOptions\maven_repo\javax\annotation\javax.annotation-api\1.3.2\javax.annotation-api-1.3.2.jar;C:\Proyectos\Telefonica\Config\javaOptions\maven_repo\org\apache\commons\commons-compress\1.20\commons-compress-1.20.jar;C:\Proyectos\Telefonica\Config\javaOptions\maven_repo\javax\xml\bind\jaxb-api\2.3.1\jaxb-api-2.3.1.jar;C:\Proyectos\Telefonica\Config\javaOptions\maven_repo\javax\activation\javax.activation-api\1.2.0\javax.activation-api-1.2.0.jar;C:\Proyectos\Telefonica\Config\javaOptions\maven_repo\org\rnorth\duct-tape\duct-tape\1.0.8\duct-tape-1.0.8.jar;C:\Proyectos\Telefonica\Config\javaOptions\maven_repo\org\rnorth\visible-assertions\visible-assertions\2.1.2\visible-assertions-2.1.2.jar;C:\Proyectos\Telefonica\Config\javaOptions\maven_repo\org\rnorth\tcp-unix-socket-proxy\1.0.2\tcp-unix-socket-proxy-1.0.2.jar;C:\Proyectos\Telefonica\Config\javaOptions\maven_repo\com\kohlschutter\junixsocket\junixsocket-native-common\2.0.4\junixsocket-native-common-2.0.4.jar;C:\Proyectos\Telefonica\Config\javaOptions\maven_repo\org\scijava\native-lib-loader\2.0.2\native-lib-loader-2.0.2.jar;C:\Proyectos\Telefonica\Config\javaOptions\maven_repo\com\kohlschutter\junixsocket\junixsocket-common\2.0.4\junixsocket-common-2.0.4.jar;C:\Proyectos\Telefonica\Config\javaOptions\maven_repo\net\java\dev\jna\jna-platform\4.5.2\jna-platform-4.5.2.jar;C:\Proyectos\Telefonica\Config\javaOptions\maven_repo\net\java\dev\jna\jna\4.5.2\jna-4.5.2.jar;C:\Proyectos\Telefonica\Config\javaOptions\maven_repo\org\testcontainers\oracle-xe\1.13.0\oracle-xe-1.13.0.jar;C:\Proyectos\Telefonica\Config\javaOptions\maven_repo\org\testcontainers\jdbc\1.13.0\jdbc-1.13.0.jar;C:\Proyectos\Telefonica\Config\javaOptions\maven_repo\org\testcontainers\database-commons\1.13.0\database-commons-1.13.0.jar;C:\Proyectos\Telefonica\Config\javaOptions\maven_repo\com\openpojo\openpojo\0.7.3\openpojo-0.7.3.jar;C:\Proyectos\Telefonica\Config\javaOptions\maven_repo\org\springframework\security\spring-security-test\5.2.8.RELEASE\spring-security-test-5.2.8.RELEASE.jar;C:\Proyectos\Telefonica\Config\javaOptions\maven_repo\org\springframework\security\spring-security-core\5.2.8.RELEASE\spring-security-core-5.2.8.RELEASE.jar;C:\Proyectos\Telefonica\Config\javaOptions\maven_repo\org\springframework\security\spring-security-web\5.2.8.RELEASE\spring-security-web-5.2.8.RELEASE.jar;C:\Proyectos\Telefonica\Config\javaOptions\maven_repo\com\telefonica\futr\model\model-futr\4.24.0-SNAPSHOT\model-futr-4.24.0-SNAPSHOT.jar;C:\Proyectos\Telefonica\Config\javaOptions\maven_repo\com\telefonica\coco\lib\lib-jee-Adapters\99.0.0-2\lib-jee-Adapters-99.0.0-2.jar;C:\Proyectos\Telefonica\Config\javaOptions\maven_repo\com\telefonica\coco\lib\lib-jee-Jpa\99.0.0-2\lib-jee-Jpa-99.0.0-2.jar;C:\Proyectos\Telefonica\Config\javaOptions\maven_repo\com\telefonica\coco\lib\lib-jee-Logging\99.0.0-2\lib-jee-Logging-99.0.0-2.jar;C:\Proyectos\Telefonica\Config\javaOptions\maven_repo\org\springframework\spring-test\5.2.12.RELEASE\spring-test-5.2.12.RELEASE.jar;C:\Proyectos\Telefonica\Config\javaOptions\maven_repo\org\springframework\data\spring-data-jpa\2.2.12.RELEASE-Telco\spring-data-jpa-2.2.12.RELEASE-Telco.jar;C:\Proyectos\Telefonica\Config\javaOptions\maven_repo\org\springframework\data\spring-data-commons\2.2.12.RELEASE-Telco\spring-data-commons-2.2.12.RELEASE-Telco.jar;C:\Proyectos\Telefonica\Config\javaOptions\maven_repo\org\springframework\spring-beans\5.2.12.RELEASE\spring-beans-5.2.12.RELEASE.jar;C:\Proyectos\Telefonica\Config\javaOptions\maven_repo\javax\el\javax.el-api\99.0.0-2\javax.el-api-99.0.0-2.jar;C:\Proyectos\Telefonica\Config\javaOptions\maven_repo\org\jvnet\jaxb2_commons\jaxb2-basics\0.6.0\jaxb2-basics-0.6.0.jar;"/>
    <property name="java.vm.vendor" value="Temurin"/>
    <property name="sun.arch.data.model" value="64"/>
    <property name="user.variant" value=""/>
    <property name="java.vendor.url" value="https://adoptium.net/"/>
    <property name="user.timezone" value="Europe/Paris"/>
    <property name="user.country.format" value="ES"/>
    <property name="java.vm.specification.version" value="1.8"/>
    <property name="os.name" value="Windows 11"/>
    <property name="user.country" value="US"/>
    <property name="sun.java.launcher" value="SUN_STANDARD"/>
    <property name="sun.boot.library.path" value="C:\Software\Java\JVM\jdk8u422-b05\jre\bin"/>
    <property name="sun.java.command" value="C:\Users\rlomillo\AppData\Local\Temp\surefire4162407006183608355\surefirebooter6215486067602444273.jar C:\Users\rlomillo\AppData\Local\Temp\surefire4162407006183608355 2024-08-29T00-09-24_337-jvmRun1 surefire5614051881012175043tmp surefire_01173706660818030213tmp"/>
    <property name="surefire.test.class.path" value="C:\Temporal\TestProyects\dao-Test\target\test-classes;C:\Temporal\TestProyects\dao-Test\target\classes;C:\Proyectos\Telefonica\Config\javaOptions\maven_repo\com\telefonica\coco\tap\tap-starter-data\4.4.5-15\tap-starter-data-4.4.5-15.jar;C:\Proyectos\Telefonica\Config\javaOptions\maven_repo\com\telefonica\coco\tap\tap-lib-data\4.4.5-15\tap-lib-data-4.4.5-15.jar;C:\Proyectos\Telefonica\Config\javaOptions\maven_repo\joda-time\joda-time\2.10.9\joda-time-2.10.9.jar;C:\Proyectos\Telefonica\Config\javaOptions\maven_repo\org\springframework\spring-orm\5.2.12.RELEASE\spring-orm-5.2.12.RELEASE.jar;C:\Proyectos\Telefonica\Config\javaOptions\maven_repo\org\springframework\spring-jdbc\5.2.12.RELEASE\spring-jdbc-5.2.12.RELEASE.jar;C:\Proyectos\Telefonica\Config\javaOptions\maven_repo\org\springframework\boot\spring-boot-starter-data-jpa\2.2.13.RELEASE\spring-boot-starter-data-jpa-2.2.13.RELEASE.jar;C:\Proyectos\Telefonica\Config\javaOptions\maven_repo\org\springframework\boot\spring-boot-starter-aop\2.2.13.RELEASE\spring-boot-starter-aop-2.2.13.RELEASE.jar;C:\Proyectos\Telefonica\Config\javaOptions\maven_repo\jakarta\persistence\jakarta.persistence-api\2.2.3\jakarta.persistence-api-2.2.3.jar;C:\Proyectos\Telefonica\Config\javaOptions\maven_repo\jakarta\transaction\jakarta.transaction-api\1.3.3\jakarta.transaction-api-1.3.3.jar;C:\Proyectos\Telefonica\Config\javaOptions\maven_repo\org\springframework\boot\spring-boot-starter-jdbc\2.2.13.RELEASE\spring-boot-starter-jdbc-2.2.13.RELEASE.jar;C:\Proyectos\Telefonica\Config\javaOptions\maven_repo\org\springframework\spring-aspects\5.2.12.RELEASE\spring-aspects-5.2.12.RELEASE.jar;C:\Proyectos\Telefonica\Config\javaOptions\maven_repo\org\springframework\spring-tx\5.2.12.RELEASE\spring-tx-5.2.12.RELEASE.jar;C:\Proyectos\Telefonica\Config\javaOptions\maven_repo\com\zaxxer\HikariCP\4.0.3\HikariCP-4.0.3.jar;C:\Proyectos\Telefonica\Config\javaOptions\maven_repo\org\slf4j\slf4j-api\1.7.30\slf4j-api-1.7.30.jar;C:\Proyectos\Telefonica\Config\javaOptions\maven_repo\com\oracle\database\jdbc\ojdbc8\19.17.0.0\ojdbc8-19.17.0.0.jar;C:\Proyectos\Telefonica\Config\javaOptions\maven_repo\org\eclipse\persistence\org.eclipse.persistence.jpa\2.7.8\org.eclipse.persistence.jpa-2.7.8.jar;C:\Proyectos\Telefonica\Config\javaOptions\maven_repo\org\eclipse\persistence\jakarta.persistence\2.2.3\jakarta.persistence-2.2.3.jar;C:\Proyectos\Telefonica\Config\javaOptions\maven_repo\org\eclipse\persistence\org.eclipse.persistence.asm\2.7.8\org.eclipse.persistence.asm-2.7.8.jar;C:\Proyectos\Telefonica\Config\javaOptions\maven_repo\org\eclipse\persistence\org.eclipse.persistence.antlr\2.7.8\org.eclipse.persistence.antlr-2.7.8.jar;C:\Proyectos\Telefonica\Config\javaOptions\maven_repo\org\eclipse\persistence\org.eclipse.persistence.jpa.jpql\2.7.8\org.eclipse.persistence.jpa.jpql-2.7.8.jar;C:\Proyectos\Telefonica\Config\javaOptions\maven_repo\org\eclipse\persistence\org.eclipse.persistence.core\2.7.8\org.eclipse.persistence.core-2.7.8.jar;C:\Proyectos\Telefonica\Config\javaOptions\maven_repo\org\eclipse\persistence\org.eclipse.persistence.oracle\2.7.8\org.eclipse.persistence.oracle-2.7.8.jar;C:\Proyectos\Telefonica\Config\javaOptions\maven_repo\com\telefonica\coco\tap\tap-starter-core\4.4.5-15\tap-starter-core-4.4.5-15.jar;C:\Proyectos\Telefonica\Config\javaOptions\maven_repo\com\telefonica\coco\tap\tap-autoconfigure\4.4.5-15\tap-autoconfigure-4.4.5-15.jar;C:\Proyectos\Telefonica\Config\javaOptions\maven_repo\org\springframework\boot\spring-boot-autoconfigure\2.2.13.RELEASE\spring-boot-autoconfigure-2.2.13.RELEASE.jar;C:\Proyectos\Telefonica\Config\javaOptions\maven_repo\org\springframework\boot\spring-boot\2.2.13.RELEASE\spring-boot-2.2.13.RELEASE.jar;C:\Proyectos\Telefonica\Config\javaOptions\maven_repo\org\springframework\boot\spring-boot-actuator-autoconfigure\2.2.13.RELEASE\spring-boot-actuator-autoconfigure-2.2.13.RELEASE.jar;C:\Proyectos\Telefonica\Config\javaOptions\maven_repo\org\springframework\boot\spring-boot-actuator\2.2.13.RELEASE\spring-boot-actuator-2.2.13.RELEASE.jar;C:\Proyectos\Telefonica\Config\javaOptions\maven_repo\com\telefonica\coco\tap\tap-lib-core\4.4.5-15\tap-lib-core-4.4.5-15.jar;C:\Proyectos\Telefonica\Config\javaOptions\maven_repo\org\springframework\spring-web\5.2.12.RELEASE\spring-web-5.2.12.RELEASE.jar;C:\Proyectos\Telefonica\Config\javaOptions\maven_repo\org\springframework\spring-webmvc\5.2.12.RELEASE\spring-webmvc-5.2.12.RELEASE.jar;C:\Proyectos\Telefonica\Config\javaOptions\maven_repo\org\springframework\spring-expression\5.2.12.RELEASE\spring-expression-5.2.12.RELEASE.jar;C:\Proyectos\Telefonica\Config\javaOptions\maven_repo\org\springframework\spring-context\5.2.12.RELEASE\spring-context-5.2.12.RELEASE.jar;C:\Proyectos\Telefonica\Config\javaOptions\maven_repo\org\springframework\spring-core\5.2.12.RELEASE\spring-core-5.2.12.RELEASE.jar;C:\Proyectos\Telefonica\Config\javaOptions\maven_repo\org\springframework\spring-jcl\5.2.12.RELEASE\spring-jcl-5.2.12.RELEASE.jar;C:\Proyectos\Telefonica\Config\javaOptions\maven_repo\org\springframework\spring-aop\5.2.12.RELEASE\spring-aop-5.2.12.RELEASE.jar;C:\Proyectos\Telefonica\Config\javaOptions\maven_repo\org\aspectj\aspectjweaver\1.9.6\aspectjweaver-1.9.6.jar;C:\Proyectos\Telefonica\Config\javaOptions\maven_repo\com\google\guava\guava\28.1-jre\guava-28.1-jre.jar;C:\Proyectos\Telefonica\Config\javaOptions\maven_repo\com\google\guava\failureaccess\1.0.1\failureaccess-1.0.1.jar;C:\Proyectos\Telefonica\Config\javaOptions\maven_repo\com\google\guava\listenablefuture\9999.0-empty-to-avoid-conflict-with-guava\listenablefuture-9999.0-empty-to-avoid-conflict-with-guava.jar;C:\Proyectos\Telefonica\Config\javaOptions\maven_repo\com\google\code\findbugs\jsr305\3.0.2\jsr305-3.0.2.jar;C:\Proyectos\Telefonica\Config\javaOptions\maven_repo\org\checkerframework\checker-qual\2.8.1\checker-qual-2.8.1.jar;C:\Proyectos\Telefonica\Config\javaOptions\maven_repo\com\google\errorprone\error_prone_annotations\2.3.2\error_prone_annotations-2.3.2.jar;C:\Proyectos\Telefonica\Config\javaOptions\maven_repo\com\google\j2objc\j2objc-annotations\1.3\j2objc-annotations-1.3.jar;C:\Proyectos\Telefonica\Config\javaOptions\maven_repo\org\codehaus\mojo\animal-sniffer-annotations\1.18\animal-sniffer-annotations-1.18.jar;C:\Proyectos\Telefonica\Config\javaOptions\maven_repo\com\fasterxml\jackson\core\jackson-databind\2.10.5.1-telco-1\jackson-databind-2.10.5.1-telco-1.jar;C:\Proyectos\Telefonica\Config\javaOptions\maven_repo\com\fasterxml\jackson\core\jackson-annotations\2.10.5\jackson-annotations-2.10.5.jar;C:\Proyectos\Telefonica\Config\javaOptions\maven_repo\com\fasterxml\jackson\core\jackson-core\2.10.5\jackson-core-2.10.5.jar;C:\Proyectos\Telefonica\Config\javaOptions\maven_repo\com\fasterxml\jackson\datatype\jackson-datatype-jsr310\2.10.5\jackson-datatype-jsr310-2.10.5.jar;C:\Proyectos\Telefonica\Config\javaOptions\maven_repo\uk\co\jemos\podam\podam\7.2.6.RELEASE\podam-7.2.6.RELEASE.jar;C:\Proyectos\Telefonica\Config\javaOptions\maven_repo\net\jcip\jcip-annotations\1.0\jcip-annotations-1.0.jar;C:\Proyectos\Telefonica\Config\javaOptions\maven_repo\javax\validation\validation-api\2.0.1.Final\validation-api-2.0.1.Final.jar;C:\Proyectos\Telefonica\Config\javaOptions\maven_repo\com\athaydes\rawhttp\rawhttp-core\2.4.1\rawhttp-core-2.4.1.jar;C:\Proyectos\Telefonica\Config\javaOptions\maven_repo\org\apache\httpcomponents\httpclient\4.5.13\httpclient-4.5.13.jar;C:\Proyectos\Telefonica\Config\javaOptions\maven_repo\org\apache\httpcomponents\httpcore\4.4.14\httpcore-4.4.14.jar;C:\Proyectos\Telefonica\Config\javaOptions\maven_repo\commons-codec\commons-codec\1.13\commons-codec-1.13.jar;C:\Proyectos\Telefonica\Config\javaOptions\maven_repo\org\jvnet\jaxb2_commons\jaxb2-basics-runtime\0.9.5\jaxb2-basics-runtime-0.9.5.jar;C:\Proyectos\Telefonica\Config\javaOptions\maven_repo\commons-lang\commons-lang\2.6\commons-lang-2.6.jar;C:\Proyectos\Telefonica\Config\javaOptions\maven_repo\commons-beanutils\commons-beanutils\1.9.2\commons-beanutils-1.9.2.jar;C:\Proyectos\Telefonica\Config\javaOptions\maven_repo\commons-collections\commons-collections\3.2.1\commons-collections-3.2.1.jar;C:\Proyectos\Telefonica\Config\javaOptions\maven_repo\ch\qos\logback\logback-classic\1.2.3\logback-classic-1.2.3.jar;C:\Proyectos\Telefonica\Config\javaOptions\maven_repo\ch\qos\logback\logback-core\1.2.3\logback-core-1.2.3.jar;C:\Proyectos\Telefonica\Config\javaOptions\maven_repo\net\logstash\logback\logstash-logback-encoder\7.3\logstash-logback-encoder-7.3.jar;C:\Proyectos\Telefonica\Config\javaOptions\maven_repo\org\hibernate\validator\hibernate-validator\6.0.22.Final\hibernate-validator-6.0.22.Final.jar;C:\Proyectos\Telefonica\Config\javaOptions\maven_repo\org\jboss\logging\jboss-logging\3.4.1.Final\jboss-logging-3.4.1.Final.jar;C:\Proyectos\Telefonica\Config\javaOptions\maven_repo\com\fasterxml\classmate\1.5.1\classmate-1.5.1.jar;C:\Proyectos\Telefonica\Config\javaOptions\maven_repo\com\github\bohnman\squiggly-filter-jackson\1.3.18\squiggly-filter-jackson-1.3.18.jar;C:\Proyectos\Telefonica\Config\javaOptions\maven_repo\org\antlr\antlr4-runtime\4.6\antlr4-runtime-4.6.jar;C:\Proyectos\Telefonica\Config\javaOptions\maven_repo\com\telefonica\coco\tap\tap-lib-audit\4.4.5-15\tap-lib-audit-4.4.5-15.jar;C:\Proyectos\Telefonica\Config\javaOptions\maven_repo\com\telefonica\coco\tap\tap-lib-cache\4.4.5-15\tap-lib-cache-4.4.5-15.jar;C:\Proyectos\Telefonica\Config\javaOptions\maven_repo\org\springframework\spring-context-support\5.2.12.RELEASE\spring-context-support-5.2.12.RELEASE.jar;C:\Proyectos\Telefonica\Config\javaOptions\maven_repo\com\jayway\jsonpath\json-path\2.4.0\json-path-2.4.0.jar;C:\Proyectos\Telefonica\Config\javaOptions\maven_repo\net\minidev\json-smart\2.3\json-smart-2.3.jar;C:\Proyectos\Telefonica\Config\javaOptions\maven_repo\net\minidev\accessors-smart\1.2\accessors-smart-1.2.jar;C:\Proyectos\Telefonica\Config\javaOptions\maven_repo\org\ow2\asm\asm\5.0.4\asm-5.0.4.jar;C:\Proyectos\Telefonica\Config\javaOptions\maven_repo\org\slf4j\log4j-over-slf4j\1.7.30\log4j-over-slf4j-1.7.30.jar;C:\Proyectos\Telefonica\Config\javaOptions\maven_repo\com\telefonica\coco\tap\tap-lib-config-server\4.4.5-15\tap-lib-config-server-4.4.5-15.jar;C:\Proyectos\Telefonica\Config\javaOptions\maven_repo\org\springframework\boot\spring-boot-starter\2.2.13.RELEASE\spring-boot-starter-2.2.13.RELEASE.jar;C:\Proyectos\Telefonica\Config\javaOptions\maven_repo\jakarta\annotation\jakarta.annotation-api\1.3.5\jakarta.annotation-api-1.3.5.jar;C:\Proyectos\Telefonica\Config\javaOptions\maven_repo\org\yaml\snakeyaml\1.25\snakeyaml-1.25.jar;C:\Proyectos\Telefonica\Config\javaOptions\maven_repo\org\springframework\cloud\spring-cloud-context\2.2.7.RELEASE\spring-cloud-context-2.2.7.RELEASE.jar;C:\Proyectos\Telefonica\Config\javaOptions\maven_repo\org\springframework\security\spring-security-crypto\5.2.8.RELEASE\spring-security-crypto-5.2.8.RELEASE.jar;C:\Proyectos\Telefonica\Config\javaOptions\maven_repo\org\apache\curator\curator-recipes\5.6.0\curator-recipes-5.6.0.jar;C:\Proyectos\Telefonica\Config\javaOptions\maven_repo\org\apache\curator\curator-framework\5.6.0\curator-framework-5.6.0.jar;C:\Proyectos\Telefonica\Config\javaOptions\maven_repo\org\apache\curator\curator-client\5.6.0\curator-client-5.6.0.jar;C:\Proyectos\Telefonica\Config\javaOptions\maven_repo\org\apache\zookeeper\zookeeper\3.7.2\zookeeper-3.7.2.jar;C:\Proyectos\Telefonica\Config\javaOptions\maven_repo\org\apache\zookeeper\zookeeper-jute\3.7.2\zookeeper-jute-3.7.2.jar;C:\Proyectos\Telefonica\Config\javaOptions\maven_repo\org\apache\yetus\audience-annotations\0.12.0\audience-annotations-0.12.0.jar;C:\Proyectos\Telefonica\Config\javaOptions\maven_repo\io\netty\netty-handler\4.1.58.Final\netty-handler-4.1.58.Final.jar;C:\Proyectos\Telefonica\Config\javaOptions\maven_repo\io\netty\netty-common\4.1.58.Final\netty-common-4.1.58.Final.jar;C:\Proyectos\Telefonica\Config\javaOptions\maven_repo\io\netty\netty-resolver\4.1.58.Final\netty-resolver-4.1.58.Final.jar;C:\Proyectos\Telefonica\Config\javaOptions\maven_repo\io\netty\netty-buffer\4.1.58.Final\netty-buffer-4.1.58.Final.jar;C:\Proyectos\Telefonica\Config\javaOptions\maven_repo\io\netty\netty-transport\4.1.58.Final\netty-transport-4.1.58.Final.jar;C:\Proyectos\Telefonica\Config\javaOptions\maven_repo\io\netty\netty-codec\4.1.58.Final\netty-codec-4.1.58.Final.jar;C:\Proyectos\Telefonica\Config\javaOptions\maven_repo\io\netty\netty-transport-native-epoll\4.1.58.Final\netty-transport-native-epoll-4.1.58.Final.jar;C:\Proyectos\Telefonica\Config\javaOptions\maven_repo\io\netty\netty-transport-native-unix-common\4.1.58.Final\netty-transport-native-unix-common-4.1.58.Final.jar;C:\Proyectos\Telefonica\Config\javaOptions\maven_repo\commons-io\commons-io\2.5\commons-io-2.5.jar;C:\Proyectos\Telefonica\Config\javaOptions\maven_repo\org\apache\commons\commons-lang3\3.7\commons-lang3-3.7.jar;C:\Proyectos\Telefonica\Config\javaOptions\maven_repo\com\telefonica\coco\tap\tap-lib-logging\4.4.5-15\tap-lib-logging-4.4.5-15.jar;C:\Proyectos\Telefonica\Config\javaOptions\maven_repo\org\aspectj\aspectjrt\1.9.6\aspectjrt-1.9.6.jar;C:\Proyectos\Telefonica\Config\javaOptions\maven_repo\org\springframework\boot\spring-boot-starter-logging\2.2.13.RELEASE\spring-boot-starter-logging-2.2.13.RELEASE.jar;C:\Proyectos\Telefonica\Config\javaOptions\maven_repo\org\slf4j\jul-to-slf4j\1.7.30\jul-to-slf4j-1.7.30.jar;C:\Proyectos\Telefonica\Config\javaOptions\maven_repo\net\rakugakibox\spring\boot\logback-access-spring-boot-starter\2.7.1\logback-access-spring-boot-starter-2.7.1.jar;C:\Proyectos\Telefonica\Config\javaOptions\maven_repo\org\springframework\boot\spring-boot-starter-web\2.2.13.RELEASE\spring-boot-starter-web-2.2.13.RELEASE.jar;C:\Proyectos\Telefonica\Config\javaOptions\maven_repo\org\springframework\boot\spring-boot-starter-json\2.2.13.RELEASE\spring-boot-starter-json-2.2.13.RELEASE.jar;C:\Proyectos\Telefonica\Config\javaOptions\maven_repo\com\fasterxml\jackson\datatype\jackson-datatype-jdk8\2.10.5\jackson-datatype-jdk8-2.10.5.jar;C:\Proyectos\Telefonica\Config\javaOptions\maven_repo\com\fasterxml\jackson\module\jackson-module-parameter-names\2.10.5\jackson-module-parameter-names-2.10.5.jar;C:\Proyectos\Telefonica\Config\javaOptions\maven_repo\ch\qos\logback\logback-access\1.2.3\logback-access-1.2.3.jar;C:\Proyectos\Telefonica\Config\javaOptions\maven_repo\com\telefonica\coco\tap\tap-lib-service-registry\4.4.5-15\tap-lib-service-registry-4.4.5-15.jar;C:\Proyectos\Telefonica\Config\javaOptions\maven_repo\com\telefonica\coco\tap\tap-lib-validation\4.4.5-15\tap-lib-validation-4.4.5-15.jar;C:\Proyectos\Telefonica\Config\javaOptions\maven_repo\org\springframework\boot\spring-boot-starter-validation\2.2.13.RELEASE\spring-boot-starter-validation-2.2.13.RELEASE.jar;C:\Proyectos\Telefonica\Config\javaOptions\maven_repo\jakarta\validation\jakarta.validation-api\2.0.2\jakarta.validation-api-2.0.2.jar;C:\Proyectos\Telefonica\Config\javaOptions\maven_repo\org\apache\tomcat\embed\tomcat-embed-el\9.0.41\tomcat-embed-el-9.0.41.jar;C:\Proyectos\Telefonica\Config\javaOptions\maven_repo\com\oracle\coherence\coherence\12.2.1-4-0\coherence-12.2.1-4-0.jar;C:\Proyectos\Telefonica\Config\javaOptions\maven_repo\org\mapstruct\mapstruct\1.3.1.Final\mapstruct-1.3.1.Final.jar;C:\Proyectos\Telefonica\Config\javaOptions\maven_repo\com\telefonica\coco\tap\tap-starter-test\4.4.5-15\tap-starter-test-4.4.5-15.jar;C:\Proyectos\Telefonica\Config\javaOptions\maven_repo\com\telefonica\coco\tap\tap-autoconfigure-test\4.4.5-15\tap-autoconfigure-test-4.4.5-15.jar;C:\Proyectos\Telefonica\Config\javaOptions\maven_repo\org\springframework\boot\spring-boot-starter-test\2.2.13.RELEASE\spring-boot-starter-test-2.2.13.RELEASE.jar;C:\Proyectos\Telefonica\Config\javaOptions\maven_repo\org\springframework\boot\spring-boot-test\2.2.13.RELEASE\spring-boot-test-2.2.13.RELEASE.jar;C:\Proyectos\Telefonica\Config\javaOptions\maven_repo\org\springframework\boot\spring-boot-test-autoconfigure\2.2.13.RELEASE\spring-boot-test-autoconfigure-2.2.13.RELEASE.jar;C:\Proyectos\Telefonica\Config\javaOptions\maven_repo\jakarta\xml\bind\jakarta.xml.bind-api\2.3.3\jakarta.xml.bind-api-2.3.3.jar;C:\Proyectos\Telefonica\Config\javaOptions\maven_repo\jakarta\activation\jakarta.activation-api\1.2.2\jakarta.activation-api-1.2.2.jar;C:\Proyectos\Telefonica\Config\javaOptions\maven_repo\org\junit\jupiter\junit-jupiter\5.7.0\junit-jupiter-5.7.0.jar;C:\Proyectos\Telefonica\Config\javaOptions\maven_repo\org\junit\jupiter\junit-jupiter-api\5.7.0\junit-jupiter-api-5.7.0.jar;C:\Proyectos\Telefonica\Config\javaOptions\maven_repo\org\opentest4j\opentest4j\1.2.0\opentest4j-1.2.0.jar;C:\Proyectos\Telefonica\Config\javaOptions\maven_repo\org\junit\platform\junit-platform-commons\1.7.0\junit-platform-commons-1.7.0.jar;C:\Proyectos\Telefonica\Config\javaOptions\maven_repo\org\junit\jupiter\junit-jupiter-params\5.7.0\junit-jupiter-params-5.7.0.jar;C:\Proyectos\Telefonica\Config\javaOptions\maven_repo\org\junit\jupiter\junit-jupiter-engine\5.7.0\junit-jupiter-engine-5.7.0.jar;C:\Proyectos\Telefonica\Config\javaOptions\maven_repo\org\junit\vintage\junit-vintage-engine\5.7.0\junit-vintage-engine-5.7.0.jar;C:\Proyectos\Telefonica\Config\javaOptions\maven_repo\org\apiguardian\apiguardian-api\1.1.0\apiguardian-api-1.1.0.jar;C:\Proyectos\Telefonica\Config\javaOptions\maven_repo\org\junit\platform\junit-platform-engine\1.7.0\junit-platform-engine-1.7.0.jar;C:\Proyectos\Telefonica\Config\javaOptions\maven_repo\org\mockito\mockito-junit-jupiter\3.1.0\mockito-junit-jupiter-3.1.0.jar;C:\Proyectos\Telefonica\Config\javaOptions\maven_repo\org\assertj\assertj-core\3.13.2\assertj-core-3.13.2.jar;C:\Proyectos\Telefonica\Config\javaOptions\maven_repo\org\hamcrest\hamcrest\2.1\hamcrest-2.1.jar;C:\Proyectos\Telefonica\Config\javaOptions\maven_repo\org\mockito\mockito-core\3.1.0\mockito-core-3.1.0.jar;C:\Proyectos\Telefonica\Config\javaOptions\maven_repo\net\bytebuddy\byte-buddy\1.10.19\byte-buddy-1.10.19.jar;C:\Proyectos\Telefonica\Config\javaOptions\maven_repo\net\bytebuddy\byte-buddy-agent\1.10.19\byte-buddy-agent-1.10.19.jar;C:\Proyectos\Telefonica\Config\javaOptions\maven_repo\org\objenesis\objenesis\2.6\objenesis-2.6.jar;C:\Proyectos\Telefonica\Config\javaOptions\maven_repo\org\skyscreamer\jsonassert\1.5.0\jsonassert-1.5.0.jar;C:\Proyectos\Telefonica\Config\javaOptions\maven_repo\com\vaadin\external\google\android-json\0.0.20131108.vaadin1\android-json-0.0.20131108.vaadin1.jar;C:\Proyectos\Telefonica\Config\javaOptions\maven_repo\org\xmlunit\xmlunit-core\2.6.4\xmlunit-core-2.6.4.jar;C:\Proyectos\Telefonica\Config\javaOptions\maven_repo\org\testcontainers\testcontainers\1.13.0\testcontainers-1.13.0.jar;C:\Proyectos\Telefonica\Config\javaOptions\maven_repo\junit\junit\4.12\junit-4.12.jar;C:\Proyectos\Telefonica\Config\javaOptions\maven_repo\org\hamcrest\hamcrest-core\2.1\hamcrest-core-2.1.jar;C:\Proyectos\Telefonica\Config\javaOptions\maven_repo\org\jetbrains\annotations\17.0.0\annotations-17.0.0.jar;C:\Proyectos\Telefonica\Config\javaOptions\maven_repo\javax\annotation\javax.annotation-api\1.3.2\javax.annotation-api-1.3.2.jar;C:\Proyectos\Telefonica\Config\javaOptions\maven_repo\org\apache\commons\commons-compress\1.20\commons-compress-1.20.jar;C:\Proyectos\Telefonica\Config\javaOptions\maven_repo\javax\xml\bind\jaxb-api\2.3.1\jaxb-api-2.3.1.jar;C:\Proyectos\Telefonica\Config\javaOptions\maven_repo\javax\activation\javax.activation-api\1.2.0\javax.activation-api-1.2.0.jar;C:\Proyectos\Telefonica\Config\javaOptions\maven_repo\org\rnorth\duct-tape\duct-tape\1.0.8\duct-tape-1.0.8.jar;C:\Proyectos\Telefonica\Config\javaOptions\maven_repo\org\rnorth\visible-assertions\visible-assertions\2.1.2\visible-assertions-2.1.2.jar;C:\Proyectos\Telefonica\Config\javaOptions\maven_repo\org\rnorth\tcp-unix-socket-proxy\1.0.2\tcp-unix-socket-proxy-1.0.2.jar;C:\Proyectos\Telefonica\Config\javaOptions\maven_repo\com\kohlschutter\junixsocket\junixsocket-native-common\2.0.4\junixsocket-native-common-2.0.4.jar;C:\Proyectos\Telefonica\Config\javaOptions\maven_repo\org\scijava\native-lib-loader\2.0.2\native-lib-loader-2.0.2.jar;C:\Proyectos\Telefonica\Config\javaOptions\maven_repo\com\kohlschutter\junixsocket\junixsocket-common\2.0.4\junixsocket-common-2.0.4.jar;C:\Proyectos\Telefonica\Config\javaOptions\maven_repo\net\java\dev\jna\jna-platform\4.5.2\jna-platform-4.5.2.jar;C:\Proyectos\Telefonica\Config\javaOptions\maven_repo\net\java\dev\jna\jna\4.5.2\jna-4.5.2.jar;C:\Proyectos\Telefonica\Config\javaOptions\maven_repo\org\testcontainers\oracle-xe\1.13.0\oracle-xe-1.13.0.jar;C:\Proyectos\Telefonica\Config\javaOptions\maven_repo\org\testcontainers\jdbc\1.13.0\jdbc-1.13.0.jar;C:\Proyectos\Telefonica\Config\javaOptions\maven_repo\org\testcontainers\database-commons\1.13.0\database-commons-1.13.0.jar;C:\Proyectos\Telefonica\Config\javaOptions\maven_repo\com\openpojo\openpojo\0.7.3\openpojo-0.7.3.jar;C:\Proyectos\Telefonica\Config\javaOptions\maven_repo\org\springframework\security\spring-security-test\5.2.8.RELEASE\spring-security-test-5.2.8.RELEASE.jar;C:\Proyectos\Telefonica\Config\javaOptions\maven_repo\org\springframework\security\spring-security-core\5.2.8.RELEASE\spring-security-core-5.2.8.RELEASE.jar;C:\Proyectos\Telefonica\Config\javaOptions\maven_repo\org\springframework\security\spring-security-web\5.2.8.RELEASE\spring-security-web-5.2.8.RELEASE.jar;C:\Proyectos\Telefonica\Config\javaOptions\maven_repo\com\telefonica\futr\model\model-futr\4.24.0-SNAPSHOT\model-futr-4.24.0-SNAPSHOT.jar;C:\Proyectos\Telefonica\Config\javaOptions\maven_repo\com\telefonica\coco\lib\lib-jee-Adapters\99.0.0-2\lib-jee-Adapters-99.0.0-2.jar;C:\Proyectos\Telefonica\Config\javaOptions\maven_repo\com\telefonica\coco\lib\lib-jee-Jpa\99.0.0-2\lib-jee-Jpa-99.0.0-2.jar;C:\Proyectos\Telefonica\Config\javaOptions\maven_repo\com\telefonica\coco\lib\lib-jee-Logging\99.0.0-2\lib-jee-Logging-99.0.0-2.jar;C:\Proyectos\Telefonica\Config\javaOptions\maven_repo\org\springframework\spring-test\5.2.12.RELEASE\spring-test-5.2.12.RELEASE.jar;C:\Proyectos\Telefonica\Config\javaOptions\maven_repo\org\springframework\data\spring-data-jpa\2.2.12.RELEASE-Telco\spring-data-jpa-2.2.12.RELEASE-Telco.jar;C:\Proyectos\Telefonica\Config\javaOptions\maven_repo\org\springframework\data\spring-data-commons\2.2.12.RELEASE-Telco\spring-data-commons-2.2.12.RELEASE-Telco.jar;C:\Proyectos\Telefonica\Config\javaOptions\maven_repo\org\springframework\spring-beans\5.2.12.RELEASE\spring-beans-5.2.12.RELEASE.jar;C:\Proyectos\Telefonica\Config\javaOptions\maven_repo\javax\el\javax.el-api\99.0.0-2\javax.el-api-99.0.0-2.jar;C:\Proyectos\Telefonica\Config\javaOptions\maven_repo\org\jvnet\jaxb2_commons\jaxb2-basics\0.6.0\jaxb2-basics-0.6.0.jar;"/>
    <property name="sun.cpu.endian" value="little"/>
    <property name="user.home" value="C:\Proyectos\Telefonica\Config\javaOptions"/>
    <property name="user.language" value="en"/>
    <property name="java.specification.vendor" value="Oracle Corporation"/>
    <property name="java.home" value="C:\Software\Java\JVM\jdk8u422-b05\jre"/>
    <property name="basedir" value="C:\Temporal\TestProyects\dao-Test"/>
    <property name="style.color" value="always"/>
    <property name="file.separator" value="\"/>
    <property name="line.separator" value="&#10;"/>
    <property name="java.vm.specification.vendor" value="Oracle Corporation"/>
    <property name="java.specification.name" value="Java Platform API Specification"/>
    <property name="java.awt.graphicsenv" value="sun.awt.Win32GraphicsEnvironment"/>
    <property name="surefire.real.class.path" value="C:\Users\rlomillo\AppData\Local\Temp\surefire4162407006183608355\surefirebooter6215486067602444273.jar"/>
    <property name="sun.boot.class.path" value="C:\Software\Java\JVM\jdk8u422-b05\jre\lib\resources.jar;C:\Software\Java\JVM\jdk8u422-b05\jre\lib\rt.jar;C:\Software\Java\JVM\jdk8u422-b05\jre\lib\sunrsasign.jar;C:\Software\Java\JVM\jdk8u422-b05\jre\lib\jsse.jar;C:\Software\Java\JVM\jdk8u422-b05\jre\lib\jce.jar;C:\Software\Java\JVM\jdk8u422-b05\jre\lib\charsets.jar;C:\Software\Java\JVM\jdk8u422-b05\jre\lib\jfr.jar;C:\Software\Java\JVM\jdk8u422-b05\jre\classes"/>
    <property name="user.script" value=""/>
    <property name="sun.management.compiler" value="HotSpot 64-Bit Tiered Compilers"/>
    <property name="java.runtime.version" value="1.8.0_422-b05"/>
    <property name="user.name" value="rlomillo"/>
    <property name="path.separator" value=";"/>
    <property name="os.version" value="10.0"/>
    <property name="java.endorsed.dirs" value="C:\Software\Java\JVM\jdk8u422-b05\jre\lib\endorsed"/>
    <property name="java.runtime.name" value="OpenJDK Runtime Environment"/>
    <property name="file.encoding" value="Cp1252"/>
    <property name="java.vm.name" value="OpenJDK 64-Bit Server VM"/>
    <property name="localRepository" value="C:\Proyectos\Telefonica\Config\javaOptions\maven_repo"/>
    <property name="java.vendor.url.bug" value="https://github.com/adoptium/adoptium-support/issues"/>
    <property name="java.io.tmpdir" value="C:\Users\rlomillo\AppData\Local\Temp\"/>
    <property name="java.version" value="1.8.0_422"/>
    <property name="user.dir" value="C:\Temporal\TestProyects\dao-Test"/>
    <property name="os.arch" value="amd64"/>
    <property name="java.vm.specification.name" value="Java Virtual Machine Specification"/>
    <property name="java.awt.printerjob" value="sun.awt.windows.WPrinterJob"/>
    <property name="user.language.format" value="es"/>
    <property name="sun.os.patch.level" value=""/>
    <property name="java.library.path" value="C:\Software\Java\JVM\jdk8u422-b05\jre\bin;C:\WINDOWS\Sun\Java\bin;C:\WINDOWS\system32;C:\WINDOWS;C:/Software/Java/IDE/sts-4.19.1.RELEASE//plugins/org.eclipse.justj.openjdk.hotspot.jre.full.win32.x86_64_17.0.7.v20230425-1502/jre/bin/server;C:/Software/Java/IDE/sts-4.19.1.RELEASE//plugins/org.eclipse.justj.openjdk.hotspot.jre.full.win32.x86_64_17.0.7.v20230425-1502/jre/bin;C:\Program Files\Eclipse Adoptium\jdk-17.0.11.9-hotspot\bin;C:\Program Files\Eclipse Adoptium\jdk-21.0.1.12-hotspot\bin;C:\WINDOWS\system32;C:\WINDOWS;C:\WINDOWS\System32\Wbem;C:\WINDOWS\System32\WindowsPowerShell\v1.0\;C:\WINDOWS\System32\OpenSSH\;C:\Program Files (x86)\Pulse Secure\VC142.CRT\X64\;C:\Program Files (x86)\Pulse Secure\VC142.CRT\X86\;C:\Program Files (x86)\Common Files\Pulse Secure\TNC Client Plugin\;C:\Program Files\NVM;C:\Program Files\nodejs;C:\Program Files\TortoiseSVN\bin;C:\Program Files\Git\cmd;C:\Program Files\Eclipse Adoptium\jdk-17.0.11.9-hotspot\lib;C:\Program Files\Eclipse Adoptium\jdk-17.0.11.9-hotspot\bin;C:\Software\Java\EXT\apache-maven\lib;C:\Software\Java\EXT\apache-maven\bin;C:\Users\rlomillo\AppData\Local\Microsoft\WindowsApps;;C:\Software\Java\IDE\sts-4.19.1.RELEASE;;."/>
    <property name="java.vm.info" value="mixed mode"/>
    <property name="java.vendor" value="Temurin"/>
    <property name="java.vm.version" value="25.422-b05"/>
    <property name="java.specification.maintenance.version" value="5"/>
    <property name="java.ext.dirs" value="C:\Software\Java\JVM\jdk8u422-b05\jre\lib\ext;C:\WINDOWS\Sun\Java\lib\ext"/>
    <property name="sun.io.unicode.encoding" value="UnicodeLittle"/>
    <property name="java.class.version" value="52.0"/>
  </properties>
  <testcase name="findWorkByWOCode_CodeWO_StringIdWO_BigDecimalPage_PageableTest" classname="com.telefonica.futr.dao.test.repository.extension.WorkpWorkRepositoryTestTest" time="0.776"/>
  <testcase name="findWorkByCode_CodeWork_StringTest" classname="com.telefonica.futr.dao.test.repository.extension.WorkpWorkRepositoryTestTest" time="0.167"/>
</testsuite>