<?xml version="1.0" encoding="UTF-8"?>
<testsuite xmlns:xsi="http://www.w3.org/2001/XMLSchema-instance" xsi:noNamespaceSchemaLocation="https://maven.apache.org/surefire/maven-surefire-plugin/xsd/surefire-test-report.xsd" name="com.telefonica.futr.srv.nuc.testlocal.msg.PojoTest" time="0.184" tests="1" errors="0" skipped="0" failures="0">
  <properties>
    <property name="java.specification.version" value="17"/>
    <property name="sun.cpu.isalist" value="amd64"/>
    <property name="sun.jnu.encoding" value="Cp1252"/>
    <property name="java.class.path" value="C:\Test\TestProyects\srv-nuc-jee-TestLocal\target\test-classes;C:\Test\TestProyects\srv-nuc-jee-TestLocal\target\classes;C:\Proyectos\Telefonica\Config\javaOptions\.m2\repository\com\telefonica\coco\tap\tap-starter-web-services\4.5.1-8\tap-starter-web-services-4.5.1-8.jar;C:\Proyectos\Telefonica\Config\javaOptions\.m2\repository\com\telefonica\coco\tap\tap-starter-web\4.5.1-8\tap-starter-web-4.5.1-8.jar;C:\Proyectos\Telefonica\Config\javaOptions\.m2\repository\com\telefonica\coco\tap\tap-lib-web\4.5.1-8\tap-lib-web-4.5.1-8.jar;C:\Proyectos\Telefonica\Config\javaOptions\.m2\repository\org\springframework\boot\spring-boot-starter-tomcat\2.7.1\spring-boot-starter-tomcat-2.7.1.jar;C:\Proyectos\Telefonica\Config\javaOptions\.m2\repository\org\apache\tomcat\embed\tomcat-embed-core\9.0.55-telco\tomcat-embed-core-9.0.55-telco.jar;C:\Proyectos\Telefonica\Config\javaOptions\.m2\repository\org\apache\tomcat\embed\tomcat-embed-el\9.0.64\tomcat-embed-el-9.0.64.jar;C:\Proyectos\Telefonica\Config\javaOptions\.m2\repository\org\apache\tomcat\embed\tomcat-embed-websocket\9.0.64\tomcat-embed-websocket-9.0.64.jar;C:\Proyectos\Telefonica\Config\javaOptions\.m2\repository\org\springframework\boot\spring-boot-starter-web\2.7.1\spring-boot-starter-web-2.7.1.jar;C:\Proyectos\Telefonica\Config\javaOptions\.m2\repository\org\springframework\boot\spring-boot-starter-json\2.7.1\spring-boot-starter-json-2.7.1.jar;C:\Proyectos\Telefonica\Config\javaOptions\.m2\repository\com\fasterxml\jackson\datatype\jackson-datatype-jdk8\2.13.3\jackson-datatype-jdk8-2.13.3.jar;C:\Proyectos\Telefonica\Config\javaOptions\.m2\repository\com\fasterxml\jackson\module\jackson-module-parameter-names\2.13.3\jackson-module-parameter-names-2.13.3.jar;C:\Proyectos\Telefonica\Config\javaOptions\.m2\repository\org\apache\httpcomponents\httpclient\4.5.13\httpclient-4.5.13.jar;C:\Proyectos\Telefonica\Config\javaOptions\.m2\repository\org\apache\httpcomponents\httpcore\4.4.15\httpcore-4.4.15.jar;C:\Proyectos\Telefonica\Config\javaOptions\.m2\repository\commons-codec\commons-codec\1.15\commons-codec-1.15.jar;C:\Proyectos\Telefonica\Config\javaOptions\.m2\repository\com\github\bohnman\squiggly-filter-jackson\1.3.18\squiggly-filter-jackson-1.3.18.jar;C:\Proyectos\Telefonica\Config\javaOptions\.m2\repository\org\antlr\antlr4-runtime\4.6\antlr4-runtime-4.6.jar;C:\Proyectos\Telefonica\Config\javaOptions\.m2\repository\net\jcip\jcip-annotations\1.0\jcip-annotations-1.0.jar;C:\Proyectos\Telefonica\Config\javaOptions\.m2\repository\org\springframework\boot\spring-boot-starter-actuator\2.7.1\spring-boot-starter-actuator-2.7.1.jar;C:\Proyectos\Telefonica\Config\javaOptions\.m2\repository\io\micrometer\micrometer-core\1.9.1\micrometer-core-1.9.1.jar;C:\Proyectos\Telefonica\Config\javaOptions\.m2\repository\org\hdrhistogram\HdrHistogram\2.1.12\HdrHistogram-2.1.12.jar;C:\Proyectos\Telefonica\Config\javaOptions\.m2\repository\org\latencyutils\LatencyUtils\2.0.3\LatencyUtils-2.0.3.jar;C:\Proyectos\Telefonica\Config\javaOptions\.m2\repository\io\micrometer\micrometer-registry-prometheus\1.9.1\micrometer-registry-prometheus-1.9.1.jar;C:\Proyectos\Telefonica\Config\javaOptions\.m2\repository\io\prometheus\simpleclient_common\0.15.0\simpleclient_common-0.15.0.jar;C:\Proyectos\Telefonica\Config\javaOptions\.m2\repository\io\prometheus\simpleclient\0.15.0\simpleclient-0.15.0.jar;C:\Proyectos\Telefonica\Config\javaOptions\.m2\repository\io\prometheus\simpleclient_tracer_otel\0.15.0\simpleclient_tracer_otel-0.15.0.jar;C:\Proyectos\Telefonica\Config\javaOptions\.m2\repository\io\prometheus\simpleclient_tracer_common\0.15.0\simpleclient_tracer_common-0.15.0.jar;C:\Proyectos\Telefonica\Config\javaOptions\.m2\repository\io\prometheus\simpleclient_tracer_otel_agent\0.15.0\simpleclient_tracer_otel_agent-0.15.0.jar;C:\Proyectos\Telefonica\Config\javaOptions\.m2\repository\com\telefonica\coco\tap\tap-lib-web-services\4.5.1-8\tap-lib-web-services-4.5.1-8.jar;C:\Proyectos\Telefonica\Config\javaOptions\.m2\repository\org\apache\cxf\cxf-rt-features-logging\3.4.5\cxf-rt-features-logging-3.4.5.jar;C:\Proyectos\Telefonica\Config\javaOptions\.m2\repository\org\springframework\spring-context\5.3.21\spring-context-5.3.21.jar;C:\Proyectos\Telefonica\Config\javaOptions\.m2\repository\org\springframework\spring-beans\5.3.21\spring-beans-5.3.21.jar;C:\Proyectos\Telefonica\Config\javaOptions\.m2\repository\org\springframework\spring-expression\5.3.21\spring-expression-5.3.21.jar;C:\Proyectos\Telefonica\Config\javaOptions\.m2\repository\org\springframework\spring-web\5.3.21\spring-web-5.3.21.jar;C:\Proyectos\Telefonica\Config\javaOptions\.m2\repository\com\telefonica\coco\tap\tap-autoconfigure\4.5.1-8\tap-autoconfigure-4.5.1-8.jar;C:\Proyectos\Telefonica\Config\javaOptions\.m2\repository\org\springframework\boot\spring-boot-autoconfigure\2.7.1\spring-boot-autoconfigure-2.7.1.jar;C:\Proyectos\Telefonica\Config\javaOptions\.m2\repository\org\springframework\boot\spring-boot\2.7.1\spring-boot-2.7.1.jar;C:\Proyectos\Telefonica\Config\javaOptions\.m2\repository\org\springframework\boot\spring-boot-actuator-autoconfigure\2.7.1\spring-boot-actuator-autoconfigure-2.7.1.jar;C:\Proyectos\Telefonica\Config\javaOptions\.m2\repository\org\springframework\boot\spring-boot-actuator\2.7.1\spring-boot-actuator-2.7.1.jar;C:\Proyectos\Telefonica\Config\javaOptions\.m2\repository\org\apache\cxf\cxf-spring-boot-starter-jaxws\3.4.5\cxf-spring-boot-starter-jaxws-3.4.5.jar;C:\Proyectos\Telefonica\Config\javaOptions\.m2\repository\org\springframework\boot\spring-boot-starter\2.7.1\spring-boot-starter-2.7.1.jar;C:\Proyectos\Telefonica\Config\javaOptions\.m2\repository\org\yaml\snakeyaml\1.30\snakeyaml-1.30.jar;C:\Proyectos\Telefonica\Config\javaOptions\.m2\repository\org\apache\cxf\cxf-spring-boot-autoconfigure\3.4.5\cxf-spring-boot-autoconfigure-3.4.5.jar;C:\Proyectos\Telefonica\Config\javaOptions\.m2\repository\org\apache\cxf\cxf-rt-transports-http\3.4.5\cxf-rt-transports-http-3.4.5.jar;C:\Proyectos\Telefonica\Config\javaOptions\.m2\repository\org\apache\cxf\cxf-rt-frontend-jaxws\3.4.5\cxf-rt-frontend-jaxws-3.4.5.jar;C:\Proyectos\Telefonica\Config\javaOptions\.m2\repository\xml-resolver\xml-resolver\1.2\xml-resolver-1.2.jar;C:\Proyectos\Telefonica\Config\javaOptions\.m2\repository\org\ow2\asm\asm\9.2\asm-9.2.jar;C:\Proyectos\Telefonica\Config\javaOptions\.m2\repository\org\apache\cxf\cxf-rt-bindings-soap\3.4.5\cxf-rt-bindings-soap-3.4.5.jar;C:\Proyectos\Telefonica\Config\javaOptions\.m2\repository\org\apache\cxf\cxf-rt-wsdl\3.4.5\cxf-rt-wsdl-3.4.5.jar;C:\Proyectos\Telefonica\Config\javaOptions\.m2\repository\wsdl4j\wsdl4j\1.6.3\wsdl4j-1.6.3.jar;C:\Proyectos\Telefonica\Config\javaOptions\.m2\repository\org\apache\cxf\cxf-rt-databinding-jaxb\3.4.5\cxf-rt-databinding-jaxb-3.4.5.jar;C:\Proyectos\Telefonica\Config\javaOptions\.m2\repository\org\apache\cxf\cxf-rt-bindings-xml\3.4.5\cxf-rt-bindings-xml-3.4.5.jar;C:\Proyectos\Telefonica\Config\javaOptions\.m2\repository\org\apache\cxf\cxf-rt-frontend-simple\3.4.5\cxf-rt-frontend-simple-3.4.5.jar;C:\Proyectos\Telefonica\Config\javaOptions\.m2\repository\org\apache\cxf\cxf-rt-ws-addr\3.4.5\cxf-rt-ws-addr-3.4.5.jar;C:\Proyectos\Telefonica\Config\javaOptions\.m2\repository\org\apache\cxf\cxf-rt-ws-policy\3.4.5\cxf-rt-ws-policy-3.4.5.jar;C:\Proyectos\Telefonica\Config\javaOptions\.m2\repository\org\apache\neethi\neethi\3.1.1\neethi-3.1.1.jar;C:\Proyectos\Telefonica\Config\javaOptions\.m2\repository\org\apache\cxf\cxf-rt-features-metrics\3.4.5\cxf-rt-features-metrics-3.4.5.jar;C:\Proyectos\Telefonica\Config\javaOptions\.m2\repository\jakarta\validation\jakarta.validation-api\2.0.2\jakarta.validation-api-2.0.2.jar;C:\Proyectos\Telefonica\Config\javaOptions\.m2\repository\org\springframework\boot\spring-boot-starter-validation\2.7.1\spring-boot-starter-validation-2.7.1.jar;C:\Proyectos\Telefonica\Config\javaOptions\.m2\repository\jakarta\annotation\jakarta.annotation-api\1.3.5\jakarta.annotation-api-1.3.5.jar;C:\Proyectos\Telefonica\Config\javaOptions\.m2\repository\jakarta\xml\ws\jakarta.xml.ws-api\2.3.3\jakarta.xml.ws-api-2.3.3.jar;C:\Proyectos\Telefonica\Config\javaOptions\.m2\repository\jakarta\jws\jakarta.jws-api\2.1.0\jakarta.jws-api-2.1.0.jar;C:\Proyectos\Telefonica\Config\javaOptions\.m2\repository\jakarta\xml\soap\jakarta.xml.soap-api\1.4.2\jakarta.xml.soap-api-1.4.2.jar;C:\Proyectos\Telefonica\Config\javaOptions\.m2\repository\jakarta\activation\jakarta.activation-api\1.2.2\jakarta.activation-api-1.2.2.jar;C:\Proyectos\Telefonica\Config\javaOptions\.m2\repository\com\sun\activation\jakarta.activation\1.2.2\jakarta.activation-1.2.2.jar;C:\Proyectos\Telefonica\Config\javaOptions\.m2\repository\com\sun\xml\messaging\saaj\saaj-impl\1.5.3\saaj-impl-1.5.3.jar;C:\Proyectos\Telefonica\Config\javaOptions\.m2\repository\org\jvnet\staxex\stax-ex\1.8.3\stax-ex-1.8.3.jar;C:\Proyectos\Telefonica\Config\javaOptions\.m2\repository\org\apache\geronimo\specs\geronimo-jta_1.1_spec\1.1.1\geronimo-jta_1.1_spec-1.1.1.jar;C:\Proyectos\Telefonica\Config\javaOptions\.m2\repository\org\apache\cxf\cxf-rt-transports-http-hc\3.4.5\cxf-rt-transports-http-hc-3.4.5.jar;C:\Proyectos\Telefonica\Config\javaOptions\.m2\repository\org\apache\cxf\cxf-core\3.4.5\cxf-core-3.4.5.jar;C:\Proyectos\Telefonica\Config\javaOptions\.m2\repository\com\fasterxml\woodstox\woodstox-core\6.2.6\woodstox-core-6.2.6.jar;C:\Proyectos\Telefonica\Config\javaOptions\.m2\repository\org\codehaus\woodstox\stax2-api\4.2.1\stax2-api-4.2.1.jar;C:\Proyectos\Telefonica\Config\javaOptions\.m2\repository\org\apache\ws\xmlschema\xmlschema-core\2.2.5\xmlschema-core-2.2.5.jar;C:\Proyectos\Telefonica\Config\javaOptions\.m2\repository\org\slf4j\slf4j-api\1.7.36\slf4j-api-1.7.36.jar;C:\Proyectos\Telefonica\Config\javaOptions\.m2\repository\org\apache\httpcomponents\httpcore-nio\4.4.15\httpcore-nio-4.4.15.jar;C:\Proyectos\Telefonica\Config\javaOptions\.m2\repository\org\apache\httpcomponents\httpasyncclient\4.1.5\httpasyncclient-4.1.5.jar;C:\Proyectos\Telefonica\Config\javaOptions\.m2\repository\com\telefonica\coco\tap\tap-starter-data\4.5.1-8\tap-starter-data-4.5.1-8.jar;C:\Proyectos\Telefonica\Config\javaOptions\.m2\repository\com\telefonica\coco\tap\tap-lib-data\4.5.1-8\tap-lib-data-4.5.1-8.jar;C:\Proyectos\Telefonica\Config\javaOptions\.m2\repository\joda-time\joda-time\2.10.9\joda-time-2.10.9.jar;C:\Proyectos\Telefonica\Config\javaOptions\.m2\repository\org\springframework\spring-orm\5.3.21\spring-orm-5.3.21.jar;C:\Proyectos\Telefonica\Config\javaOptions\.m2\repository\org\springframework\spring-jdbc\5.3.21\spring-jdbc-5.3.21.jar;C:\Proyectos\Telefonica\Config\javaOptions\.m2\repository\org\springframework\boot\spring-boot-starter-data-jpa\2.7.1\spring-boot-starter-data-jpa-2.7.1.jar;C:\Proyectos\Telefonica\Config\javaOptions\.m2\repository\org\springframework\boot\spring-boot-starter-aop\2.7.1\spring-boot-starter-aop-2.7.1.jar;C:\Proyectos\Telefonica\Config\javaOptions\.m2\repository\jakarta\transaction\jakarta.transaction-api\1.3.3\jakarta.transaction-api-1.3.3.jar;C:\Proyectos\Telefonica\Config\javaOptions\.m2\repository\jakarta\persistence\jakarta.persistence-api\2.2.3\jakarta.persistence-api-2.2.3.jar;C:\Proyectos\Telefonica\Config\javaOptions\.m2\repository\org\springframework\boot\spring-boot-starter-jdbc\2.7.1\spring-boot-starter-jdbc-2.7.1.jar;C:\Proyectos\Telefonica\Config\javaOptions\.m2\repository\org\springframework\spring-aspects\5.3.21\spring-aspects-5.3.21.jar;C:\Proyectos\Telefonica\Config\javaOptions\.m2\repository\org\springframework\spring-tx\5.3.21\spring-tx-5.3.21.jar;C:\Proyectos\Telefonica\Config\javaOptions\.m2\repository\com\zaxxer\HikariCP\5.0.1\HikariCP-5.0.1.jar;C:\Proyectos\Telefonica\Config\javaOptions\.m2\repository\com\oracle\database\jdbc\ojdbc11\21.8.0.0\ojdbc11-21.8.0.0.jar;C:\Proyectos\Telefonica\Config\javaOptions\.m2\repository\org\eclipse\persistence\org.eclipse.persistence.jpa\2.7.9\org.eclipse.persistence.jpa-2.7.9.jar;C:\Proyectos\Telefonica\Config\javaOptions\.m2\repository\org\eclipse\persistence\jakarta.persistence\2.2.3\jakarta.persistence-2.2.3.jar;C:\Proyectos\Telefonica\Config\javaOptions\.m2\repository\org\eclipse\persistence\org.eclipse.persistence.asm\9.1.0\org.eclipse.persistence.asm-9.1.0.jar;C:\Proyectos\Telefonica\Config\javaOptions\.m2\repository\org\eclipse\persistence\org.eclipse.persistence.antlr\2.7.9\org.eclipse.persistence.antlr-2.7.9.jar;C:\Proyectos\Telefonica\Config\javaOptions\.m2\repository\org\eclipse\persistence\org.eclipse.persistence.jpa.jpql\2.7.9\org.eclipse.persistence.jpa.jpql-2.7.9.jar;C:\Proyectos\Telefonica\Config\javaOptions\.m2\repository\org\eclipse\persistence\org.eclipse.persistence.core\2.7.9\org.eclipse.persistence.core-2.7.9.jar;C:\Proyectos\Telefonica\Config\javaOptions\.m2\repository\org\eclipse\persistence\org.eclipse.persistence.oracle\2.7.9\org.eclipse.persistence.oracle-2.7.9.jar;C:\Proyectos\Telefonica\Config\javaOptions\.m2\repository\com\telefonica\coco\tap\tap-starter-core\4.5.1-8\tap-starter-core-4.5.1-8.jar;C:\Proyectos\Telefonica\Config\javaOptions\.m2\repository\com\telefonica\coco\tap\tap-lib-core\4.5.1-8\tap-lib-core-4.5.1-8.jar;C:\Proyectos\Telefonica\Config\javaOptions\.m2\repository\jakarta\xml\bind\jakarta.xml.bind-api\2.3.3\jakarta.xml.bind-api-2.3.3.jar;C:\Proyectos\Telefonica\Config\javaOptions\.m2\repository\org\glassfish\jaxb\jaxb-runtime\2.3.5\jaxb-runtime-2.3.5.jar;C:\Proyectos\Telefonica\Config\javaOptions\.m2\repository\org\glassfish\jaxb\txw2\2.3.6\txw2-2.3.6.jar;C:\Proyectos\Telefonica\Config\javaOptions\.m2\repository\com\sun\istack\istack-commons-runtime\3.0.12\istack-commons-runtime-3.0.12.jar;C:\Proyectos\Telefonica\Config\javaOptions\.m2\repository\org\springframework\spring-webmvc\5.3.21\spring-webmvc-5.3.21.jar;C:\Proyectos\Telefonica\Config\javaOptions\.m2\repository\org\springframework\spring-core\5.3.21\spring-core-5.3.21.jar;C:\Proyectos\Telefonica\Config\javaOptions\.m2\repository\org\springframework\spring-jcl\5.3.21\spring-jcl-5.3.21.jar;C:\Proyectos\Telefonica\Config\javaOptions\.m2\repository\org\springframework\spring-aop\5.3.21\spring-aop-5.3.21.jar;C:\Proyectos\Telefonica\Config\javaOptions\.m2\repository\org\aspectj\aspectjweaver\1.9.7\aspectjweaver-1.9.7.jar;C:\Proyectos\Telefonica\Config\javaOptions\.m2\repository\com\google\guava\guava\28.1-jre\guava-28.1-jre.jar;C:\Proyectos\Telefonica\Config\javaOptions\.m2\repository\com\google\guava\failureaccess\1.0.1\failureaccess-1.0.1.jar;C:\Proyectos\Telefonica\Config\javaOptions\.m2\repository\com\google\guava\listenablefuture\9999.0-empty-to-avoid-conflict-with-guava\listenablefuture-9999.0-empty-to-avoid-conflict-with-guava.jar;C:\Proyectos\Telefonica\Config\javaOptions\.m2\repository\com\google\code\findbugs\jsr305\3.0.2\jsr305-3.0.2.jar;C:\Proyectos\Telefonica\Config\javaOptions\.m2\repository\org\checkerframework\checker-qual\2.8.1\checker-qual-2.8.1.jar;C:\Proyectos\Telefonica\Config\javaOptions\.m2\repository\com\google\errorprone\error_prone_annotations\2.3.2\error_prone_annotations-2.3.2.jar;C:\Proyectos\Telefonica\Config\javaOptions\.m2\repository\com\google\j2objc\j2objc-annotations\1.3\j2objc-annotations-1.3.jar;C:\Proyectos\Telefonica\Config\javaOptions\.m2\repository\org\codehaus\mojo\animal-sniffer-annotations\1.18\animal-sniffer-annotations-1.18.jar;C:\Proyectos\Telefonica\Config\javaOptions\.m2\repository\com\fasterxml\jackson\core\jackson-databind\2.13.3\jackson-databind-2.13.3.jar;C:\Proyectos\Telefonica\Config\javaOptions\.m2\repository\com\fasterxml\jackson\core\jackson-annotations\2.13.3\jackson-annotations-2.13.3.jar;C:\Proyectos\Telefonica\Config\javaOptions\.m2\repository\com\fasterxml\jackson\core\jackson-core\2.13.3\jackson-core-2.13.3.jar;C:\Proyectos\Telefonica\Config\javaOptions\.m2\repository\com\fasterxml\jackson\datatype\jackson-datatype-jsr310\2.13.3\jackson-datatype-jsr310-2.13.3.jar;C:\Proyectos\Telefonica\Config\javaOptions\.m2\repository\uk\co\jemos\podam\podam\7.2.7.RELEASE\podam-7.2.7.RELEASE.jar;C:\Proyectos\Telefonica\Config\javaOptions\.m2\repository\javax\validation\validation-api\2.0.1.Final\validation-api-2.0.1.Final.jar;C:\Proyectos\Telefonica\Config\javaOptions\.m2\repository\com\athaydes\rawhttp\rawhttp-core\2.4.1\rawhttp-core-2.4.1.jar;C:\Proyectos\Telefonica\Config\javaOptions\.m2\repository\org\jvnet\jaxb2_commons\jaxb2-basics-runtime\0.9.5\jaxb2-basics-runtime-0.9.5.jar;C:\Proyectos\Telefonica\Config\javaOptions\.m2\repository\commons-beanutils\commons-beanutils\1.9.4\commons-beanutils-1.9.4.jar;C:\Proyectos\Telefonica\Config\javaOptions\.m2\repository\commons-collections\commons-collections\3.2.2\commons-collections-3.2.2.jar;C:\Proyectos\Telefonica\Config\javaOptions\.m2\repository\ch\qos\logback\logback-classic\1.2.11\logback-classic-1.2.11.jar;C:\Proyectos\Telefonica\Config\javaOptions\.m2\repository\ch\qos\logback\logback-core\1.2.11\logback-core-1.2.11.jar;C:\Proyectos\Telefonica\Config\javaOptions\.m2\repository\net\logstash\logback\logstash-logback-encoder\7.3\logstash-logback-encoder-7.3.jar;C:\Proyectos\Telefonica\Config\javaOptions\.m2\repository\org\hibernate\validator\hibernate-validator\6.2.3.Final\hibernate-validator-6.2.3.Final.jar;C:\Proyectos\Telefonica\Config\javaOptions\.m2\repository\org\jboss\logging\jboss-logging\3.4.3.Final\jboss-logging-3.4.3.Final.jar;C:\Proyectos\Telefonica\Config\javaOptions\.m2\repository\com\fasterxml\classmate\1.5.1\classmate-1.5.1.jar;C:\Proyectos\Telefonica\Config\javaOptions\.m2\repository\com\telefonica\coco\tap\tap-lib-audit\4.5.1-8\tap-lib-audit-4.5.1-8.jar;C:\Proyectos\Telefonica\Config\javaOptions\.m2\repository\com\telefonica\coco\tap\tap-lib-cache\4.5.1-8\tap-lib-cache-4.5.1-8.jar;C:\Proyectos\Telefonica\Config\javaOptions\.m2\repository\org\springframework\spring-context-support\5.3.21\spring-context-support-5.3.21.jar;C:\Proyectos\Telefonica\Config\javaOptions\.m2\repository\com\jayway\jsonpath\json-path\2.4.0\json-path-2.4.0.jar;C:\Proyectos\Telefonica\Config\javaOptions\.m2\repository\net\minidev\json-smart\2.4.8\json-smart-2.4.8.jar;C:\Proyectos\Telefonica\Config\javaOptions\.m2\repository\net\minidev\accessors-smart\2.4.8\accessors-smart-2.4.8.jar;C:\Proyectos\Telefonica\Config\javaOptions\.m2\repository\org\slf4j\log4j-over-slf4j\1.7.36\log4j-over-slf4j-1.7.36.jar;C:\Proyectos\Telefonica\Config\javaOptions\.m2\repository\com\telefonica\coco\tap\tap-lib-config-server\4.5.1-8\tap-lib-config-server-4.5.1-8.jar;C:\Proyectos\Telefonica\Config\javaOptions\.m2\repository\org\apache\curator\curator-recipes\5.2.0\curator-recipes-5.2.0.jar;C:\Proyectos\Telefonica\Config\javaOptions\.m2\repository\org\apache\curator\curator-framework\5.2.0\curator-framework-5.2.0.jar;C:\Proyectos\Telefonica\Config\javaOptions\.m2\repository\org\apache\curator\curator-client\5.2.0\curator-client-5.2.0.jar;C:\Proyectos\Telefonica\Config\javaOptions\.m2\repository\org\apache\zookeeper\zookeeper\3.7.0\zookeeper-3.7.0.jar;C:\Proyectos\Telefonica\Config\javaOptions\.m2\repository\org\apache\zookeeper\zookeeper-jute\3.7.0\zookeeper-jute-3.7.0.jar;C:\Proyectos\Telefonica\Config\javaOptions\.m2\repository\org\apache\yetus\audience-annotations\0.12.0\audience-annotations-0.12.0.jar;C:\Proyectos\Telefonica\Config\javaOptions\.m2\repository\io\netty\netty-handler\4.1.78.Final\netty-handler-4.1.78.Final.jar;C:\Proyectos\Telefonica\Config\javaOptions\.m2\repository\io\netty\netty-common\4.1.78.Final\netty-common-4.1.78.Final.jar;C:\Proyectos\Telefonica\Config\javaOptions\.m2\repository\io\netty\netty-resolver\4.1.78.Final\netty-resolver-4.1.78.Final.jar;C:\Proyectos\Telefonica\Config\javaOptions\.m2\repository\io\netty\netty-buffer\4.1.78.Final\netty-buffer-4.1.78.Final.jar;C:\Proyectos\Telefonica\Config\javaOptions\.m2\repository\io\netty\netty-transport\4.1.78.Final\netty-transport-4.1.78.Final.jar;C:\Proyectos\Telefonica\Config\javaOptions\.m2\repository\io\netty\netty-transport-native-unix-common\4.1.78.Final\netty-transport-native-unix-common-4.1.78.Final.jar;C:\Proyectos\Telefonica\Config\javaOptions\.m2\repository\io\netty\netty-codec\4.1.78.Final\netty-codec-4.1.78.Final.jar;C:\Proyectos\Telefonica\Config\javaOptions\.m2\repository\io\netty\netty-transport-native-epoll\4.1.78.Final\netty-transport-native-epoll-4.1.78.Final.jar;C:\Proyectos\Telefonica\Config\javaOptions\.m2\repository\io\netty\netty-transport-classes-epoll\4.1.78.Final\netty-transport-classes-epoll-4.1.78.Final.jar;C:\Proyectos\Telefonica\Config\javaOptions\.m2\repository\commons-io\commons-io\2.11.0\commons-io-2.11.0.jar;C:\Proyectos\Telefonica\Config\javaOptions\.m2\repository\org\apache\commons\commons-lang3\3.12.0\commons-lang3-3.12.0.jar;C:\Proyectos\Telefonica\Config\javaOptions\.m2\repository\org\springframework\cloud\spring-cloud-context\3.1.3\spring-cloud-context-3.1.3.jar;C:\Proyectos\Telefonica\Config\javaOptions\.m2\repository\org\springframework\security\spring-security-crypto\5.7.2\spring-security-crypto-5.7.2.jar;C:\Proyectos\Telefonica\Config\javaOptions\.m2\repository\org\springframework\cloud\spring-cloud-commons\3.1.3\spring-cloud-commons-3.1.3.jar;C:\Proyectos\Telefonica\Config\javaOptions\.m2\repository\com\telefonica\coco\tap\tap-lib-logging\4.5.1-8\tap-lib-logging-4.5.1-8.jar;C:\Proyectos\Telefonica\Config\javaOptions\.m2\repository\org\aspectj\aspectjrt\1.9.7\aspectjrt-1.9.7.jar;C:\Proyectos\Telefonica\Config\javaOptions\.m2\repository\org\springframework\boot\spring-boot-starter-logging\2.7.1\spring-boot-starter-logging-2.7.1.jar;C:\Proyectos\Telefonica\Config\javaOptions\.m2\repository\org\slf4j\jul-to-slf4j\1.7.36\jul-to-slf4j-1.7.36.jar;C:\Proyectos\Telefonica\Config\javaOptions\.m2\repository\net\rakugakibox\spring\boot\logback-access-spring-boot-starter\2.7.1\logback-access-spring-boot-starter-2.7.1.jar;C:\Proyectos\Telefonica\Config\javaOptions\.m2\repository\ch\qos\logback\logback-access\1.2.11\logback-access-1.2.11.jar;C:\Proyectos\Telefonica\Config\javaOptions\.m2\repository\com\telefonica\coco\tap\tap-lib-service-registry\4.5.1-8\tap-lib-service-registry-4.5.1-8.jar;C:\Proyectos\Telefonica\Config\javaOptions\.m2\repository\com\telefonica\coco\tap\tap-lib-validation\4.5.1-8\tap-lib-validation-4.5.1-8.jar;C:\Proyectos\Telefonica\Config\javaOptions\.m2\repository\org\glassfish\jakarta.el\3.0.4\jakarta.el-3.0.4.jar;C:\Proyectos\Telefonica\Config\javaOptions\.m2\repository\com\oracle\coherence\coherence\14.1.1-0-0\coherence-14.1.1-0-0.jar;C:\Proyectos\Telefonica\Config\javaOptions\.m2\repository\org\mapstruct\mapstruct\1.4.2.Final\mapstruct-1.4.2.Final.jar;C:\Proyectos\Telefonica\Config\javaOptions\.m2\repository\com\telefonica\coco\tap\tap-starter-test\4.5.1-8\tap-starter-test-4.5.1-8.jar;C:\Proyectos\Telefonica\Config\javaOptions\.m2\repository\com\telefonica\coco\tap\tap-autoconfigure-test\4.5.1-8\tap-autoconfigure-test-4.5.1-8.jar;C:\Proyectos\Telefonica\Config\javaOptions\.m2\repository\org\springframework\boot\spring-boot-starter-test\2.7.1\spring-boot-starter-test-2.7.1.jar;C:\Proyectos\Telefonica\Config\javaOptions\.m2\repository\org\springframework\boot\spring-boot-test\2.7.1\spring-boot-test-2.7.1.jar;C:\Proyectos\Telefonica\Config\javaOptions\.m2\repository\org\springframework\boot\spring-boot-test-autoconfigure\2.7.1\spring-boot-test-autoconfigure-2.7.1.jar;C:\Proyectos\Telefonica\Config\javaOptions\.m2\repository\org\assertj\assertj-core\3.22.0\assertj-core-3.22.0.jar;C:\Proyectos\Telefonica\Config\javaOptions\.m2\repository\org\hamcrest\hamcrest\2.2\hamcrest-2.2.jar;C:\Proyectos\Telefonica\Config\javaOptions\.m2\repository\org\junit\jupiter\junit-jupiter\5.8.2\junit-jupiter-5.8.2.jar;C:\Proyectos\Telefonica\Config\javaOptions\.m2\repository\org\junit\jupiter\junit-jupiter-api\5.8.2\junit-jupiter-api-5.8.2.jar;C:\Proyectos\Telefonica\Config\javaOptions\.m2\repository\org\junit\jupiter\junit-jupiter-params\5.8.2\junit-jupiter-params-5.8.2.jar;C:\Proyectos\Telefonica\Config\javaOptions\.m2\repository\org\junit\jupiter\junit-jupiter-engine\5.8.2\junit-jupiter-engine-5.8.2.jar;C:\Proyectos\Telefonica\Config\javaOptions\.m2\repository\org\mockito\mockito-core\4.5.1\mockito-core-4.5.1.jar;C:\Proyectos\Telefonica\Config\javaOptions\.m2\repository\net\bytebuddy\byte-buddy\1.12.11\byte-buddy-1.12.11.jar;C:\Proyectos\Telefonica\Config\javaOptions\.m2\repository\net\bytebuddy\byte-buddy-agent\1.12.11\byte-buddy-agent-1.12.11.jar;C:\Proyectos\Telefonica\Config\javaOptions\.m2\repository\org\objenesis\objenesis\3.2\objenesis-3.2.jar;C:\Proyectos\Telefonica\Config\javaOptions\.m2\repository\org\mockito\mockito-junit-jupiter\4.5.1\mockito-junit-jupiter-4.5.1.jar;C:\Proyectos\Telefonica\Config\javaOptions\.m2\repository\org\skyscreamer\jsonassert\1.5.0\jsonassert-1.5.0.jar;C:\Proyectos\Telefonica\Config\javaOptions\.m2\repository\com\vaadin\external\google\android-json\0.0.20131108.vaadin1\android-json-0.0.20131108.vaadin1.jar;C:\Proyectos\Telefonica\Config\javaOptions\.m2\repository\org\springframework\spring-test\5.3.21\spring-test-5.3.21.jar;C:\Proyectos\Telefonica\Config\javaOptions\.m2\repository\org\xmlunit\xmlunit-core\2.9.0\xmlunit-core-2.9.0.jar;C:\Proyectos\Telefonica\Config\javaOptions\.m2\repository\org\junit\vintage\junit-vintage-engine\5.8.2\junit-vintage-engine-5.8.2.jar;C:\Proyectos\Telefonica\Config\javaOptions\.m2\repository\org\junit\platform\junit-platform-engine\1.8.2\junit-platform-engine-1.8.2.jar;C:\Proyectos\Telefonica\Config\javaOptions\.m2\repository\org\opentest4j\opentest4j\1.2.0\opentest4j-1.2.0.jar;C:\Proyectos\Telefonica\Config\javaOptions\.m2\repository\org\junit\platform\junit-platform-commons\1.8.2\junit-platform-commons-1.8.2.jar;C:\Proyectos\Telefonica\Config\javaOptions\.m2\repository\junit\junit\4.13.2\junit-4.13.2.jar;C:\Proyectos\Telefonica\Config\javaOptions\.m2\repository\org\apiguardian\apiguardian-api\1.1.2\apiguardian-api-1.1.2.jar;C:\Proyectos\Telefonica\Config\javaOptions\.m2\repository\org\testcontainers\testcontainers\1.16.2\testcontainers-1.16.2.jar;C:\Proyectos\Telefonica\Config\javaOptions\.m2\repository\org\apache\commons\commons-compress\1.21\commons-compress-1.21.jar;C:\Proyectos\Telefonica\Config\javaOptions\.m2\repository\org\rnorth\duct-tape\duct-tape\1.0.8\duct-tape-1.0.8.jar;C:\Proyectos\Telefonica\Config\javaOptions\.m2\repository\org\jetbrains\annotations\17.0.0\annotations-17.0.0.jar;C:\Proyectos\Telefonica\Config\javaOptions\.m2\repository\com\github\docker-java\docker-java-api\3.2.12\docker-java-api-3.2.12.jar;C:\Proyectos\Telefonica\Config\javaOptions\.m2\repository\com\github\docker-java\docker-java-transport-zerodep\3.2.12\docker-java-transport-zerodep-3.2.12.jar;C:\Proyectos\Telefonica\Config\javaOptions\.m2\repository\com\github\docker-java\docker-java-transport\3.2.12\docker-java-transport-3.2.12.jar;C:\Proyectos\Telefonica\Config\javaOptions\.m2\repository\net\java\dev\jna\jna\5.8.0\jna-5.8.0.jar;C:\Proyectos\Telefonica\Config\javaOptions\.m2\repository\org\testcontainers\oracle-xe\1.16.2\oracle-xe-1.16.2.jar;C:\Proyectos\Telefonica\Config\javaOptions\.m2\repository\org\testcontainers\jdbc\1.16.2\jdbc-1.16.2.jar;C:\Proyectos\Telefonica\Config\javaOptions\.m2\repository\org\testcontainers\database-commons\1.16.2\database-commons-1.16.2.jar;C:\Proyectos\Telefonica\Config\javaOptions\.m2\repository\com\h2database\h2\2.1.214\h2-2.1.214.jar;C:\Proyectos\Telefonica\Config\javaOptions\.m2\repository\com\openpojo\openpojo\0.7.3\openpojo-0.7.3.jar;C:\Proyectos\Telefonica\Config\javaOptions\.m2\repository\org\springframework\security\spring-security-test\5.7.2\spring-security-test-5.7.2.jar;C:\Proyectos\Telefonica\Config\javaOptions\.m2\repository\org\springframework\security\spring-security-core\5.7.2\spring-security-core-5.7.2.jar;C:\Proyectos\Telefonica\Config\javaOptions\.m2\repository\org\springframework\security\spring-security-web\5.7.2\spring-security-web-5.7.2.jar;C:\Proyectos\Telefonica\Config\javaOptions\.m2\repository\com\telefonica\futr\dao\dao-Test\3.1.0-SNAPSHOT\dao-Test-3.1.0-SNAPSHOT.jar;C:\Proyectos\Telefonica\Config\javaOptions\.m2\repository\com\telefonica\futr\model\model-futr\4.24.0-SNAPSHOT\model-futr-4.24.0-SNAPSHOT.jar;C:\Proyectos\Telefonica\Config\javaOptions\.m2\repository\com\telefonica\coco\lib\lib-jee-Adapters\4.0.0-3\lib-jee-Adapters-4.0.0-3.jar;C:\Proyectos\Telefonica\Config\javaOptions\.m2\repository\com\telefonica\coco\lib\lib-jee-Jpa\4.0.0-3\lib-jee-Jpa-4.0.0-3.jar;C:\Proyectos\Telefonica\Config\javaOptions\.m2\repository\com\telefonica\coco\lib\lib-jee-Logging\4.0.0-3\lib-jee-Logging-4.0.0-3.jar;C:\Proyectos\Telefonica\Config\javaOptions\.m2\repository\org\springframework\data\spring-data-jpa\2.7.1\spring-data-jpa-2.7.1.jar;C:\Proyectos\Telefonica\Config\javaOptions\.m2\repository\org\springframework\data\spring-data-commons\2.7.1\spring-data-commons-2.7.1.jar;C:\Proyectos\Telefonica\Config\javaOptions\.m2\repository\javax\el\javax.el-api\2.2.4\javax.el-api-2.2.4.jar;C:\Proyectos\Telefonica\Config\javaOptions\.m2\repository\org\jvnet\jaxb2_commons\jaxb2-basics\0.6.0\jaxb2-basics-0.6.0.jar;C:\Proyectos\Telefonica\Config\javaOptions\.m2\repository\com\telefonica\futr\srv\util\srv-util-jee-Util\4.2.0-SNAPSHOT\srv-util-jee-Util-4.2.0-SNAPSHOT.jar;"/>
    <property name="java.vm.vendor" value="Eclipse Adoptium"/>
    <property name="sun.arch.data.model" value="64"/>
    <property name="user.variant" value=""/>
    <property name="java.vendor.url" value="https://adoptium.net/"/>
    <property name="user.timezone" value="Asia/Calcutta"/>
    <property name="os.name" value="Windows 11"/>
    <property name="java.vm.specification.version" value="17"/>
    <property name="sun.java.launcher" value="SUN_STANDARD"/>
    <property name="user.country" value="IN"/>
    <property name="sun.boot.library.path" value="C:\Program Files\Eclipse Adoptium\jdk-17.0.11.9-hotspot\bin"/>
    <property name="sun.java.command" value="C:\Users\amnahar\AppData\Local\Temp\surefire8904051731276641394\surefirebooter7356121032689439223.jar C:\Users\amnahar\AppData\Local\Temp\surefire8904051731276641394 2024-12-26T14-26-11_442-jvmRun1 surefire16469601437776676486tmp surefire_010357064490536340250tmp"/>
    <property name="jdk.debug" value="release"/>
    <property name="surefire.test.class.path" value="C:\Test\TestProyects\srv-nuc-jee-TestLocal\target\test-classes;C:\Test\TestProyects\srv-nuc-jee-TestLocal\target\classes;C:\Proyectos\Telefonica\Config\javaOptions\.m2\repository\com\telefonica\coco\tap\tap-starter-web-services\4.5.1-8\tap-starter-web-services-4.5.1-8.jar;C:\Proyectos\Telefonica\Config\javaOptions\.m2\repository\com\telefonica\coco\tap\tap-starter-web\4.5.1-8\tap-starter-web-4.5.1-8.jar;C:\Proyectos\Telefonica\Config\javaOptions\.m2\repository\com\telefonica\coco\tap\tap-lib-web\4.5.1-8\tap-lib-web-4.5.1-8.jar;C:\Proyectos\Telefonica\Config\javaOptions\.m2\repository\org\springframework\boot\spring-boot-starter-tomcat\2.7.1\spring-boot-starter-tomcat-2.7.1.jar;C:\Proyectos\Telefonica\Config\javaOptions\.m2\repository\org\apache\tomcat\embed\tomcat-embed-core\9.0.55-telco\tomcat-embed-core-9.0.55-telco.jar;C:\Proyectos\Telefonica\Config\javaOptions\.m2\repository\org\apache\tomcat\embed\tomcat-embed-el\9.0.64\tomcat-embed-el-9.0.64.jar;C:\Proyectos\Telefonica\Config\javaOptions\.m2\repository\org\apache\tomcat\embed\tomcat-embed-websocket\9.0.64\tomcat-embed-websocket-9.0.64.jar;C:\Proyectos\Telefonica\Config\javaOptions\.m2\repository\org\springframework\boot\spring-boot-starter-web\2.7.1\spring-boot-starter-web-2.7.1.jar;C:\Proyectos\Telefonica\Config\javaOptions\.m2\repository\org\springframework\boot\spring-boot-starter-json\2.7.1\spring-boot-starter-json-2.7.1.jar;C:\Proyectos\Telefonica\Config\javaOptions\.m2\repository\com\fasterxml\jackson\datatype\jackson-datatype-jdk8\2.13.3\jackson-datatype-jdk8-2.13.3.jar;C:\Proyectos\Telefonica\Config\javaOptions\.m2\repository\com\fasterxml\jackson\module\jackson-module-parameter-names\2.13.3\jackson-module-parameter-names-2.13.3.jar;C:\Proyectos\Telefonica\Config\javaOptions\.m2\repository\org\apache\httpcomponents\httpclient\4.5.13\httpclient-4.5.13.jar;C:\Proyectos\Telefonica\Config\javaOptions\.m2\repository\org\apache\httpcomponents\httpcore\4.4.15\httpcore-4.4.15.jar;C:\Proyectos\Telefonica\Config\javaOptions\.m2\repository\commons-codec\commons-codec\1.15\commons-codec-1.15.jar;C:\Proyectos\Telefonica\Config\javaOptions\.m2\repository\com\github\bohnman\squiggly-filter-jackson\1.3.18\squiggly-filter-jackson-1.3.18.jar;C:\Proyectos\Telefonica\Config\javaOptions\.m2\repository\org\antlr\antlr4-runtime\4.6\antlr4-runtime-4.6.jar;C:\Proyectos\Telefonica\Config\javaOptions\.m2\repository\net\jcip\jcip-annotations\1.0\jcip-annotations-1.0.jar;C:\Proyectos\Telefonica\Config\javaOptions\.m2\repository\org\springframework\boot\spring-boot-starter-actuator\2.7.1\spring-boot-starter-actuator-2.7.1.jar;C:\Proyectos\Telefonica\Config\javaOptions\.m2\repository\io\micrometer\micrometer-core\1.9.1\micrometer-core-1.9.1.jar;C:\Proyectos\Telefonica\Config\javaOptions\.m2\repository\org\hdrhistogram\HdrHistogram\2.1.12\HdrHistogram-2.1.12.jar;C:\Proyectos\Telefonica\Config\javaOptions\.m2\repository\org\latencyutils\LatencyUtils\2.0.3\LatencyUtils-2.0.3.jar;C:\Proyectos\Telefonica\Config\javaOptions\.m2\repository\io\micrometer\micrometer-registry-prometheus\1.9.1\micrometer-registry-prometheus-1.9.1.jar;C:\Proyectos\Telefonica\Config\javaOptions\.m2\repository\io\prometheus\simpleclient_common\0.15.0\simpleclient_common-0.15.0.jar;C:\Proyectos\Telefonica\Config\javaOptions\.m2\repository\io\prometheus\simpleclient\0.15.0\simpleclient-0.15.0.jar;C:\Proyectos\Telefonica\Config\javaOptions\.m2\repository\io\prometheus\simpleclient_tracer_otel\0.15.0\simpleclient_tracer_otel-0.15.0.jar;C:\Proyectos\Telefonica\Config\javaOptions\.m2\repository\io\prometheus\simpleclient_tracer_common\0.15.0\simpleclient_tracer_common-0.15.0.jar;C:\Proyectos\Telefonica\Config\javaOptions\.m2\repository\io\prometheus\simpleclient_tracer_otel_agent\0.15.0\simpleclient_tracer_otel_agent-0.15.0.jar;C:\Proyectos\Telefonica\Config\javaOptions\.m2\repository\com\telefonica\coco\tap\tap-lib-web-services\4.5.1-8\tap-lib-web-services-4.5.1-8.jar;C:\Proyectos\Telefonica\Config\javaOptions\.m2\repository\org\apache\cxf\cxf-rt-features-logging\3.4.5\cxf-rt-features-logging-3.4.5.jar;C:\Proyectos\Telefonica\Config\javaOptions\.m2\repository\org\springframework\spring-context\5.3.21\spring-context-5.3.21.jar;C:\Proyectos\Telefonica\Config\javaOptions\.m2\repository\org\springframework\spring-beans\5.3.21\spring-beans-5.3.21.jar;C:\Proyectos\Telefonica\Config\javaOptions\.m2\repository\org\springframework\spring-expression\5.3.21\spring-expression-5.3.21.jar;C:\Proyectos\Telefonica\Config\javaOptions\.m2\repository\org\springframework\spring-web\5.3.21\spring-web-5.3.21.jar;C:\Proyectos\Telefonica\Config\javaOptions\.m2\repository\com\telefonica\coco\tap\tap-autoconfigure\4.5.1-8\tap-autoconfigure-4.5.1-8.jar;C:\Proyectos\Telefonica\Config\javaOptions\.m2\repository\org\springframework\boot\spring-boot-autoconfigure\2.7.1\spring-boot-autoconfigure-2.7.1.jar;C:\Proyectos\Telefonica\Config\javaOptions\.m2\repository\org\springframework\boot\spring-boot\2.7.1\spring-boot-2.7.1.jar;C:\Proyectos\Telefonica\Config\javaOptions\.m2\repository\org\springframework\boot\spring-boot-actuator-autoconfigure\2.7.1\spring-boot-actuator-autoconfigure-2.7.1.jar;C:\Proyectos\Telefonica\Config\javaOptions\.m2\repository\org\springframework\boot\spring-boot-actuator\2.7.1\spring-boot-actuator-2.7.1.jar;C:\Proyectos\Telefonica\Config\javaOptions\.m2\repository\org\apache\cxf\cxf-spring-boot-starter-jaxws\3.4.5\cxf-spring-boot-starter-jaxws-3.4.5.jar;C:\Proyectos\Telefonica\Config\javaOptions\.m2\repository\org\springframework\boot\spring-boot-starter\2.7.1\spring-boot-starter-2.7.1.jar;C:\Proyectos\Telefonica\Config\javaOptions\.m2\repository\org\yaml\snakeyaml\1.30\snakeyaml-1.30.jar;C:\Proyectos\Telefonica\Config\javaOptions\.m2\repository\org\apache\cxf\cxf-spring-boot-autoconfigure\3.4.5\cxf-spring-boot-autoconfigure-3.4.5.jar;C:\Proyectos\Telefonica\Config\javaOptions\.m2\repository\org\apache\cxf\cxf-rt-transports-http\3.4.5\cxf-rt-transports-http-3.4.5.jar;C:\Proyectos\Telefonica\Config\javaOptions\.m2\repository\org\apache\cxf\cxf-rt-frontend-jaxws\3.4.5\cxf-rt-frontend-jaxws-3.4.5.jar;C:\Proyectos\Telefonica\Config\javaOptions\.m2\repository\xml-resolver\xml-resolver\1.2\xml-resolver-1.2.jar;C:\Proyectos\Telefonica\Config\javaOptions\.m2\repository\org\ow2\asm\asm\9.2\asm-9.2.jar;C:\Proyectos\Telefonica\Config\javaOptions\.m2\repository\org\apache\cxf\cxf-rt-bindings-soap\3.4.5\cxf-rt-bindings-soap-3.4.5.jar;C:\Proyectos\Telefonica\Config\javaOptions\.m2\repository\org\apache\cxf\cxf-rt-wsdl\3.4.5\cxf-rt-wsdl-3.4.5.jar;C:\Proyectos\Telefonica\Config\javaOptions\.m2\repository\wsdl4j\wsdl4j\1.6.3\wsdl4j-1.6.3.jar;C:\Proyectos\Telefonica\Config\javaOptions\.m2\repository\org\apache\cxf\cxf-rt-databinding-jaxb\3.4.5\cxf-rt-databinding-jaxb-3.4.5.jar;C:\Proyectos\Telefonica\Config\javaOptions\.m2\repository\org\apache\cxf\cxf-rt-bindings-xml\3.4.5\cxf-rt-bindings-xml-3.4.5.jar;C:\Proyectos\Telefonica\Config\javaOptions\.m2\repository\org\apache\cxf\cxf-rt-frontend-simple\3.4.5\cxf-rt-frontend-simple-3.4.5.jar;C:\Proyectos\Telefonica\Config\javaOptions\.m2\repository\org\apache\cxf\cxf-rt-ws-addr\3.4.5\cxf-rt-ws-addr-3.4.5.jar;C:\Proyectos\Telefonica\Config\javaOptions\.m2\repository\org\apache\cxf\cxf-rt-ws-policy\3.4.5\cxf-rt-ws-policy-3.4.5.jar;C:\Proyectos\Telefonica\Config\javaOptions\.m2\repository\org\apache\neethi\neethi\3.1.1\neethi-3.1.1.jar;C:\Proyectos\Telefonica\Config\javaOptions\.m2\repository\org\apache\cxf\cxf-rt-features-metrics\3.4.5\cxf-rt-features-metrics-3.4.5.jar;C:\Proyectos\Telefonica\Config\javaOptions\.m2\repository\jakarta\validation\jakarta.validation-api\2.0.2\jakarta.validation-api-2.0.2.jar;C:\Proyectos\Telefonica\Config\javaOptions\.m2\repository\org\springframework\boot\spring-boot-starter-validation\2.7.1\spring-boot-starter-validation-2.7.1.jar;C:\Proyectos\Telefonica\Config\javaOptions\.m2\repository\jakarta\annotation\jakarta.annotation-api\1.3.5\jakarta.annotation-api-1.3.5.jar;C:\Proyectos\Telefonica\Config\javaOptions\.m2\repository\jakarta\xml\ws\jakarta.xml.ws-api\2.3.3\jakarta.xml.ws-api-2.3.3.jar;C:\Proyectos\Telefonica\Config\javaOptions\.m2\repository\jakarta\jws\jakarta.jws-api\2.1.0\jakarta.jws-api-2.1.0.jar;C:\Proyectos\Telefonica\Config\javaOptions\.m2\repository\jakarta\xml\soap\jakarta.xml.soap-api\1.4.2\jakarta.xml.soap-api-1.4.2.jar;C:\Proyectos\Telefonica\Config\javaOptions\.m2\repository\jakarta\activation\jakarta.activation-api\1.2.2\jakarta.activation-api-1.2.2.jar;C:\Proyectos\Telefonica\Config\javaOptions\.m2\repository\com\sun\activation\jakarta.activation\1.2.2\jakarta.activation-1.2.2.jar;C:\Proyectos\Telefonica\Config\javaOptions\.m2\repository\com\sun\xml\messaging\saaj\saaj-impl\1.5.3\saaj-impl-1.5.3.jar;C:\Proyectos\Telefonica\Config\javaOptions\.m2\repository\org\jvnet\staxex\stax-ex\1.8.3\stax-ex-1.8.3.jar;C:\Proyectos\Telefonica\Config\javaOptions\.m2\repository\org\apache\geronimo\specs\geronimo-jta_1.1_spec\1.1.1\geronimo-jta_1.1_spec-1.1.1.jar;C:\Proyectos\Telefonica\Config\javaOptions\.m2\repository\org\apache\cxf\cxf-rt-transports-http-hc\3.4.5\cxf-rt-transports-http-hc-3.4.5.jar;C:\Proyectos\Telefonica\Config\javaOptions\.m2\repository\org\apache\cxf\cxf-core\3.4.5\cxf-core-3.4.5.jar;C:\Proyectos\Telefonica\Config\javaOptions\.m2\repository\com\fasterxml\woodstox\woodstox-core\6.2.6\woodstox-core-6.2.6.jar;C:\Proyectos\Telefonica\Config\javaOptions\.m2\repository\org\codehaus\woodstox\stax2-api\4.2.1\stax2-api-4.2.1.jar;C:\Proyectos\Telefonica\Config\javaOptions\.m2\repository\org\apache\ws\xmlschema\xmlschema-core\2.2.5\xmlschema-core-2.2.5.jar;C:\Proyectos\Telefonica\Config\javaOptions\.m2\repository\org\slf4j\slf4j-api\1.7.36\slf4j-api-1.7.36.jar;C:\Proyectos\Telefonica\Config\javaOptions\.m2\repository\org\apache\httpcomponents\httpcore-nio\4.4.15\httpcore-nio-4.4.15.jar;C:\Proyectos\Telefonica\Config\javaOptions\.m2\repository\org\apache\httpcomponents\httpasyncclient\4.1.5\httpasyncclient-4.1.5.jar;C:\Proyectos\Telefonica\Config\javaOptions\.m2\repository\com\telefonica\coco\tap\tap-starter-data\4.5.1-8\tap-starter-data-4.5.1-8.jar;C:\Proyectos\Telefonica\Config\javaOptions\.m2\repository\com\telefonica\coco\tap\tap-lib-data\4.5.1-8\tap-lib-data-4.5.1-8.jar;C:\Proyectos\Telefonica\Config\javaOptions\.m2\repository\joda-time\joda-time\2.10.9\joda-time-2.10.9.jar;C:\Proyectos\Telefonica\Config\javaOptions\.m2\repository\org\springframework\spring-orm\5.3.21\spring-orm-5.3.21.jar;C:\Proyectos\Telefonica\Config\javaOptions\.m2\repository\org\springframework\spring-jdbc\5.3.21\spring-jdbc-5.3.21.jar;C:\Proyectos\Telefonica\Config\javaOptions\.m2\repository\org\springframework\boot\spring-boot-starter-data-jpa\2.7.1\spring-boot-starter-data-jpa-2.7.1.jar;C:\Proyectos\Telefonica\Config\javaOptions\.m2\repository\org\springframework\boot\spring-boot-starter-aop\2.7.1\spring-boot-starter-aop-2.7.1.jar;C:\Proyectos\Telefonica\Config\javaOptions\.m2\repository\jakarta\transaction\jakarta.transaction-api\1.3.3\jakarta.transaction-api-1.3.3.jar;C:\Proyectos\Telefonica\Config\javaOptions\.m2\repository\jakarta\persistence\jakarta.persistence-api\2.2.3\jakarta.persistence-api-2.2.3.jar;C:\Proyectos\Telefonica\Config\javaOptions\.m2\repository\org\springframework\boot\spring-boot-starter-jdbc\2.7.1\spring-boot-starter-jdbc-2.7.1.jar;C:\Proyectos\Telefonica\Config\javaOptions\.m2\repository\org\springframework\spring-aspects\5.3.21\spring-aspects-5.3.21.jar;C:\Proyectos\Telefonica\Config\javaOptions\.m2\repository\org\springframework\spring-tx\5.3.21\spring-tx-5.3.21.jar;C:\Proyectos\Telefonica\Config\javaOptions\.m2\repository\com\zaxxer\HikariCP\5.0.1\HikariCP-5.0.1.jar;C:\Proyectos\Telefonica\Config\javaOptions\.m2\repository\com\oracle\database\jdbc\ojdbc11\21.8.0.0\ojdbc11-21.8.0.0.jar;C:\Proyectos\Telefonica\Config\javaOptions\.m2\repository\org\eclipse\persistence\org.eclipse.persistence.jpa\2.7.9\org.eclipse.persistence.jpa-2.7.9.jar;C:\Proyectos\Telefonica\Config\javaOptions\.m2\repository\org\eclipse\persistence\jakarta.persistence\2.2.3\jakarta.persistence-2.2.3.jar;C:\Proyectos\Telefonica\Config\javaOptions\.m2\repository\org\eclipse\persistence\org.eclipse.persistence.asm\9.1.0\org.eclipse.persistence.asm-9.1.0.jar;C:\Proyectos\Telefonica\Config\javaOptions\.m2\repository\org\eclipse\persistence\org.eclipse.persistence.antlr\2.7.9\org.eclipse.persistence.antlr-2.7.9.jar;C:\Proyectos\Telefonica\Config\javaOptions\.m2\repository\org\eclipse\persistence\org.eclipse.persistence.jpa.jpql\2.7.9\org.eclipse.persistence.jpa.jpql-2.7.9.jar;C:\Proyectos\Telefonica\Config\javaOptions\.m2\repository\org\eclipse\persistence\org.eclipse.persistence.core\2.7.9\org.eclipse.persistence.core-2.7.9.jar;C:\Proyectos\Telefonica\Config\javaOptions\.m2\repository\org\eclipse\persistence\org.eclipse.persistence.oracle\2.7.9\org.eclipse.persistence.oracle-2.7.9.jar;C:\Proyectos\Telefonica\Config\javaOptions\.m2\repository\com\telefonica\coco\tap\tap-starter-core\4.5.1-8\tap-starter-core-4.5.1-8.jar;C:\Proyectos\Telefonica\Config\javaOptions\.m2\repository\com\telefonica\coco\tap\tap-lib-core\4.5.1-8\tap-lib-core-4.5.1-8.jar;C:\Proyectos\Telefonica\Config\javaOptions\.m2\repository\jakarta\xml\bind\jakarta.xml.bind-api\2.3.3\jakarta.xml.bind-api-2.3.3.jar;C:\Proyectos\Telefonica\Config\javaOptions\.m2\repository\org\glassfish\jaxb\jaxb-runtime\2.3.5\jaxb-runtime-2.3.5.jar;C:\Proyectos\Telefonica\Config\javaOptions\.m2\repository\org\glassfish\jaxb\txw2\2.3.6\txw2-2.3.6.jar;C:\Proyectos\Telefonica\Config\javaOptions\.m2\repository\com\sun\istack\istack-commons-runtime\3.0.12\istack-commons-runtime-3.0.12.jar;C:\Proyectos\Telefonica\Config\javaOptions\.m2\repository\org\springframework\spring-webmvc\5.3.21\spring-webmvc-5.3.21.jar;C:\Proyectos\Telefonica\Config\javaOptions\.m2\repository\org\springframework\spring-core\5.3.21\spring-core-5.3.21.jar;C:\Proyectos\Telefonica\Config\javaOptions\.m2\repository\org\springframework\spring-jcl\5.3.21\spring-jcl-5.3.21.jar;C:\Proyectos\Telefonica\Config\javaOptions\.m2\repository\org\springframework\spring-aop\5.3.21\spring-aop-5.3.21.jar;C:\Proyectos\Telefonica\Config\javaOptions\.m2\repository\org\aspectj\aspectjweaver\1.9.7\aspectjweaver-1.9.7.jar;C:\Proyectos\Telefonica\Config\javaOptions\.m2\repository\com\google\guava\guava\28.1-jre\guava-28.1-jre.jar;C:\Proyectos\Telefonica\Config\javaOptions\.m2\repository\com\google\guava\failureaccess\1.0.1\failureaccess-1.0.1.jar;C:\Proyectos\Telefonica\Config\javaOptions\.m2\repository\com\google\guava\listenablefuture\9999.0-empty-to-avoid-conflict-with-guava\listenablefuture-9999.0-empty-to-avoid-conflict-with-guava.jar;C:\Proyectos\Telefonica\Config\javaOptions\.m2\repository\com\google\code\findbugs\jsr305\3.0.2\jsr305-3.0.2.jar;C:\Proyectos\Telefonica\Config\javaOptions\.m2\repository\org\checkerframework\checker-qual\2.8.1\checker-qual-2.8.1.jar;C:\Proyectos\Telefonica\Config\javaOptions\.m2\repository\com\google\errorprone\error_prone_annotations\2.3.2\error_prone_annotations-2.3.2.jar;C:\Proyectos\Telefonica\Config\javaOptions\.m2\repository\com\google\j2objc\j2objc-annotations\1.3\j2objc-annotations-1.3.jar;C:\Proyectos\Telefonica\Config\javaOptions\.m2\repository\org\codehaus\mojo\animal-sniffer-annotations\1.18\animal-sniffer-annotations-1.18.jar;C:\Proyectos\Telefonica\Config\javaOptions\.m2\repository\com\fasterxml\jackson\core\jackson-databind\2.13.3\jackson-databind-2.13.3.jar;C:\Proyectos\Telefonica\Config\javaOptions\.m2\repository\com\fasterxml\jackson\core\jackson-annotations\2.13.3\jackson-annotations-2.13.3.jar;C:\Proyectos\Telefonica\Config\javaOptions\.m2\repository\com\fasterxml\jackson\core\jackson-core\2.13.3\jackson-core-2.13.3.jar;C:\Proyectos\Telefonica\Config\javaOptions\.m2\repository\com\fasterxml\jackson\datatype\jackson-datatype-jsr310\2.13.3\jackson-datatype-jsr310-2.13.3.jar;C:\Proyectos\Telefonica\Config\javaOptions\.m2\repository\uk\co\jemos\podam\podam\7.2.7.RELEASE\podam-7.2.7.RELEASE.jar;C:\Proyectos\Telefonica\Config\javaOptions\.m2\repository\javax\validation\validation-api\2.0.1.Final\validation-api-2.0.1.Final.jar;C:\Proyectos\Telefonica\Config\javaOptions\.m2\repository\com\athaydes\rawhttp\rawhttp-core\2.4.1\rawhttp-core-2.4.1.jar;C:\Proyectos\Telefonica\Config\javaOptions\.m2\repository\org\jvnet\jaxb2_commons\jaxb2-basics-runtime\0.9.5\jaxb2-basics-runtime-0.9.5.jar;C:\Proyectos\Telefonica\Config\javaOptions\.m2\repository\commons-beanutils\commons-beanutils\1.9.4\commons-beanutils-1.9.4.jar;C:\Proyectos\Telefonica\Config\javaOptions\.m2\repository\commons-collections\commons-collections\3.2.2\commons-collections-3.2.2.jar;C:\Proyectos\Telefonica\Config\javaOptions\.m2\repository\ch\qos\logback\logback-classic\1.2.11\logback-classic-1.2.11.jar;C:\Proyectos\Telefonica\Config\javaOptions\.m2\repository\ch\qos\logback\logback-core\1.2.11\logback-core-1.2.11.jar;C:\Proyectos\Telefonica\Config\javaOptions\.m2\repository\net\logstash\logback\logstash-logback-encoder\7.3\logstash-logback-encoder-7.3.jar;C:\Proyectos\Telefonica\Config\javaOptions\.m2\repository\org\hibernate\validator\hibernate-validator\6.2.3.Final\hibernate-validator-6.2.3.Final.jar;C:\Proyectos\Telefonica\Config\javaOptions\.m2\repository\org\jboss\logging\jboss-logging\3.4.3.Final\jboss-logging-3.4.3.Final.jar;C:\Proyectos\Telefonica\Config\javaOptions\.m2\repository\com\fasterxml\classmate\1.5.1\classmate-1.5.1.jar;C:\Proyectos\Telefonica\Config\javaOptions\.m2\repository\com\telefonica\coco\tap\tap-lib-audit\4.5.1-8\tap-lib-audit-4.5.1-8.jar;C:\Proyectos\Telefonica\Config\javaOptions\.m2\repository\com\telefonica\coco\tap\tap-lib-cache\4.5.1-8\tap-lib-cache-4.5.1-8.jar;C:\Proyectos\Telefonica\Config\javaOptions\.m2\repository\org\springframework\spring-context-support\5.3.21\spring-context-support-5.3.21.jar;C:\Proyectos\Telefonica\Config\javaOptions\.m2\repository\com\jayway\jsonpath\json-path\2.4.0\json-path-2.4.0.jar;C:\Proyectos\Telefonica\Config\javaOptions\.m2\repository\net\minidev\json-smart\2.4.8\json-smart-2.4.8.jar;C:\Proyectos\Telefonica\Config\javaOptions\.m2\repository\net\minidev\accessors-smart\2.4.8\accessors-smart-2.4.8.jar;C:\Proyectos\Telefonica\Config\javaOptions\.m2\repository\org\slf4j\log4j-over-slf4j\1.7.36\log4j-over-slf4j-1.7.36.jar;C:\Proyectos\Telefonica\Config\javaOptions\.m2\repository\com\telefonica\coco\tap\tap-lib-config-server\4.5.1-8\tap-lib-config-server-4.5.1-8.jar;C:\Proyectos\Telefonica\Config\javaOptions\.m2\repository\org\apache\curator\curator-recipes\5.2.0\curator-recipes-5.2.0.jar;C:\Proyectos\Telefonica\Config\javaOptions\.m2\repository\org\apache\curator\curator-framework\5.2.0\curator-framework-5.2.0.jar;C:\Proyectos\Telefonica\Config\javaOptions\.m2\repository\org\apache\curator\curator-client\5.2.0\curator-client-5.2.0.jar;C:\Proyectos\Telefonica\Config\javaOptions\.m2\repository\org\apache\zookeeper\zookeeper\3.7.0\zookeeper-3.7.0.jar;C:\Proyectos\Telefonica\Config\javaOptions\.m2\repository\org\apache\zookeeper\zookeeper-jute\3.7.0\zookeeper-jute-3.7.0.jar;C:\Proyectos\Telefonica\Config\javaOptions\.m2\repository\org\apache\yetus\audience-annotations\0.12.0\audience-annotations-0.12.0.jar;C:\Proyectos\Telefonica\Config\javaOptions\.m2\repository\io\netty\netty-handler\4.1.78.Final\netty-handler-4.1.78.Final.jar;C:\Proyectos\Telefonica\Config\javaOptions\.m2\repository\io\netty\netty-common\4.1.78.Final\netty-common-4.1.78.Final.jar;C:\Proyectos\Telefonica\Config\javaOptions\.m2\repository\io\netty\netty-resolver\4.1.78.Final\netty-resolver-4.1.78.Final.jar;C:\Proyectos\Telefonica\Config\javaOptions\.m2\repository\io\netty\netty-buffer\4.1.78.Final\netty-buffer-4.1.78.Final.jar;C:\Proyectos\Telefonica\Config\javaOptions\.m2\repository\io\netty\netty-transport\4.1.78.Final\netty-transport-4.1.78.Final.jar;C:\Proyectos\Telefonica\Config\javaOptions\.m2\repository\io\netty\netty-transport-native-unix-common\4.1.78.Final\netty-transport-native-unix-common-4.1.78.Final.jar;C:\Proyectos\Telefonica\Config\javaOptions\.m2\repository\io\netty\netty-codec\4.1.78.Final\netty-codec-4.1.78.Final.jar;C:\Proyectos\Telefonica\Config\javaOptions\.m2\repository\io\netty\netty-transport-native-epoll\4.1.78.Final\netty-transport-native-epoll-4.1.78.Final.jar;C:\Proyectos\Telefonica\Config\javaOptions\.m2\repository\io\netty\netty-transport-classes-epoll\4.1.78.Final\netty-transport-classes-epoll-4.1.78.Final.jar;C:\Proyectos\Telefonica\Config\javaOptions\.m2\repository\commons-io\commons-io\2.11.0\commons-io-2.11.0.jar;C:\Proyectos\Telefonica\Config\javaOptions\.m2\repository\org\apache\commons\commons-lang3\3.12.0\commons-lang3-3.12.0.jar;C:\Proyectos\Telefonica\Config\javaOptions\.m2\repository\org\springframework\cloud\spring-cloud-context\3.1.3\spring-cloud-context-3.1.3.jar;C:\Proyectos\Telefonica\Config\javaOptions\.m2\repository\org\springframework\security\spring-security-crypto\5.7.2\spring-security-crypto-5.7.2.jar;C:\Proyectos\Telefonica\Config\javaOptions\.m2\repository\org\springframework\cloud\spring-cloud-commons\3.1.3\spring-cloud-commons-3.1.3.jar;C:\Proyectos\Telefonica\Config\javaOptions\.m2\repository\com\telefonica\coco\tap\tap-lib-logging\4.5.1-8\tap-lib-logging-4.5.1-8.jar;C:\Proyectos\Telefonica\Config\javaOptions\.m2\repository\org\aspectj\aspectjrt\1.9.7\aspectjrt-1.9.7.jar;C:\Proyectos\Telefonica\Config\javaOptions\.m2\repository\org\springframework\boot\spring-boot-starter-logging\2.7.1\spring-boot-starter-logging-2.7.1.jar;C:\Proyectos\Telefonica\Config\javaOptions\.m2\repository\org\slf4j\jul-to-slf4j\1.7.36\jul-to-slf4j-1.7.36.jar;C:\Proyectos\Telefonica\Config\javaOptions\.m2\repository\net\rakugakibox\spring\boot\logback-access-spring-boot-starter\2.7.1\logback-access-spring-boot-starter-2.7.1.jar;C:\Proyectos\Telefonica\Config\javaOptions\.m2\repository\ch\qos\logback\logback-access\1.2.11\logback-access-1.2.11.jar;C:\Proyectos\Telefonica\Config\javaOptions\.m2\repository\com\telefonica\coco\tap\tap-lib-service-registry\4.5.1-8\tap-lib-service-registry-4.5.1-8.jar;C:\Proyectos\Telefonica\Config\javaOptions\.m2\repository\com\telefonica\coco\tap\tap-lib-validation\4.5.1-8\tap-lib-validation-4.5.1-8.jar;C:\Proyectos\Telefonica\Config\javaOptions\.m2\repository\org\glassfish\jakarta.el\3.0.4\jakarta.el-3.0.4.jar;C:\Proyectos\Telefonica\Config\javaOptions\.m2\repository\com\oracle\coherence\coherence\14.1.1-0-0\coherence-14.1.1-0-0.jar;C:\Proyectos\Telefonica\Config\javaOptions\.m2\repository\org\mapstruct\mapstruct\1.4.2.Final\mapstruct-1.4.2.Final.jar;C:\Proyectos\Telefonica\Config\javaOptions\.m2\repository\com\telefonica\coco\tap\tap-starter-test\4.5.1-8\tap-starter-test-4.5.1-8.jar;C:\Proyectos\Telefonica\Config\javaOptions\.m2\repository\com\telefonica\coco\tap\tap-autoconfigure-test\4.5.1-8\tap-autoconfigure-test-4.5.1-8.jar;C:\Proyectos\Telefonica\Config\javaOptions\.m2\repository\org\springframework\boot\spring-boot-starter-test\2.7.1\spring-boot-starter-test-2.7.1.jar;C:\Proyectos\Telefonica\Config\javaOptions\.m2\repository\org\springframework\boot\spring-boot-test\2.7.1\spring-boot-test-2.7.1.jar;C:\Proyectos\Telefonica\Config\javaOptions\.m2\repository\org\springframework\boot\spring-boot-test-autoconfigure\2.7.1\spring-boot-test-autoconfigure-2.7.1.jar;C:\Proyectos\Telefonica\Config\javaOptions\.m2\repository\org\assertj\assertj-core\3.22.0\assertj-core-3.22.0.jar;C:\Proyectos\Telefonica\Config\javaOptions\.m2\repository\org\hamcrest\hamcrest\2.2\hamcrest-2.2.jar;C:\Proyectos\Telefonica\Config\javaOptions\.m2\repository\org\junit\jupiter\junit-jupiter\5.8.2\junit-jupiter-5.8.2.jar;C:\Proyectos\Telefonica\Config\javaOptions\.m2\repository\org\junit\jupiter\junit-jupiter-api\5.8.2\junit-jupiter-api-5.8.2.jar;C:\Proyectos\Telefonica\Config\javaOptions\.m2\repository\org\junit\jupiter\junit-jupiter-params\5.8.2\junit-jupiter-params-5.8.2.jar;C:\Proyectos\Telefonica\Config\javaOptions\.m2\repository\org\junit\jupiter\junit-jupiter-engine\5.8.2\junit-jupiter-engine-5.8.2.jar;C:\Proyectos\Telefonica\Config\javaOptions\.m2\repository\org\mockito\mockito-core\4.5.1\mockito-core-4.5.1.jar;C:\Proyectos\Telefonica\Config\javaOptions\.m2\repository\net\bytebuddy\byte-buddy\1.12.11\byte-buddy-1.12.11.jar;C:\Proyectos\Telefonica\Config\javaOptions\.m2\repository\net\bytebuddy\byte-buddy-agent\1.12.11\byte-buddy-agent-1.12.11.jar;C:\Proyectos\Telefonica\Config\javaOptions\.m2\repository\org\objenesis\objenesis\3.2\objenesis-3.2.jar;C:\Proyectos\Telefonica\Config\javaOptions\.m2\repository\org\mockito\mockito-junit-jupiter\4.5.1\mockito-junit-jupiter-4.5.1.jar;C:\Proyectos\Telefonica\Config\javaOptions\.m2\repository\org\skyscreamer\jsonassert\1.5.0\jsonassert-1.5.0.jar;C:\Proyectos\Telefonica\Config\javaOptions\.m2\repository\com\vaadin\external\google\android-json\0.0.20131108.vaadin1\android-json-0.0.20131108.vaadin1.jar;C:\Proyectos\Telefonica\Config\javaOptions\.m2\repository\org\springframework\spring-test\5.3.21\spring-test-5.3.21.jar;C:\Proyectos\Telefonica\Config\javaOptions\.m2\repository\org\xmlunit\xmlunit-core\2.9.0\xmlunit-core-2.9.0.jar;C:\Proyectos\Telefonica\Config\javaOptions\.m2\repository\org\junit\vintage\junit-vintage-engine\5.8.2\junit-vintage-engine-5.8.2.jar;C:\Proyectos\Telefonica\Config\javaOptions\.m2\repository\org\junit\platform\junit-platform-engine\1.8.2\junit-platform-engine-1.8.2.jar;C:\Proyectos\Telefonica\Config\javaOptions\.m2\repository\org\opentest4j\opentest4j\1.2.0\opentest4j-1.2.0.jar;C:\Proyectos\Telefonica\Config\javaOptions\.m2\repository\org\junit\platform\junit-platform-commons\1.8.2\junit-platform-commons-1.8.2.jar;C:\Proyectos\Telefonica\Config\javaOptions\.m2\repository\junit\junit\4.13.2\junit-4.13.2.jar;C:\Proyectos\Telefonica\Config\javaOptions\.m2\repository\org\apiguardian\apiguardian-api\1.1.2\apiguardian-api-1.1.2.jar;C:\Proyectos\Telefonica\Config\javaOptions\.m2\repository\org\testcontainers\testcontainers\1.16.2\testcontainers-1.16.2.jar;C:\Proyectos\Telefonica\Config\javaOptions\.m2\repository\org\apache\commons\commons-compress\1.21\commons-compress-1.21.jar;C:\Proyectos\Telefonica\Config\javaOptions\.m2\repository\org\rnorth\duct-tape\duct-tape\1.0.8\duct-tape-1.0.8.jar;C:\Proyectos\Telefonica\Config\javaOptions\.m2\repository\org\jetbrains\annotations\17.0.0\annotations-17.0.0.jar;C:\Proyectos\Telefonica\Config\javaOptions\.m2\repository\com\github\docker-java\docker-java-api\3.2.12\docker-java-api-3.2.12.jar;C:\Proyectos\Telefonica\Config\javaOptions\.m2\repository\com\github\docker-java\docker-java-transport-zerodep\3.2.12\docker-java-transport-zerodep-3.2.12.jar;C:\Proyectos\Telefonica\Config\javaOptions\.m2\repository\com\github\docker-java\docker-java-transport\3.2.12\docker-java-transport-3.2.12.jar;C:\Proyectos\Telefonica\Config\javaOptions\.m2\repository\net\java\dev\jna\jna\5.8.0\jna-5.8.0.jar;C:\Proyectos\Telefonica\Config\javaOptions\.m2\repository\org\testcontainers\oracle-xe\1.16.2\oracle-xe-1.16.2.jar;C:\Proyectos\Telefonica\Config\javaOptions\.m2\repository\org\testcontainers\jdbc\1.16.2\jdbc-1.16.2.jar;C:\Proyectos\Telefonica\Config\javaOptions\.m2\repository\org\testcontainers\database-commons\1.16.2\database-commons-1.16.2.jar;C:\Proyectos\Telefonica\Config\javaOptions\.m2\repository\com\h2database\h2\2.1.214\h2-2.1.214.jar;C:\Proyectos\Telefonica\Config\javaOptions\.m2\repository\com\openpojo\openpojo\0.7.3\openpojo-0.7.3.jar;C:\Proyectos\Telefonica\Config\javaOptions\.m2\repository\org\springframework\security\spring-security-test\5.7.2\spring-security-test-5.7.2.jar;C:\Proyectos\Telefonica\Config\javaOptions\.m2\repository\org\springframework\security\spring-security-core\5.7.2\spring-security-core-5.7.2.jar;C:\Proyectos\Telefonica\Config\javaOptions\.m2\repository\org\springframework\security\spring-security-web\5.7.2\spring-security-web-5.7.2.jar;C:\Proyectos\Telefonica\Config\javaOptions\.m2\repository\com\telefonica\futr\dao\dao-Test\3.1.0-SNAPSHOT\dao-Test-3.1.0-SNAPSHOT.jar;C:\Proyectos\Telefonica\Config\javaOptions\.m2\repository\com\telefonica\futr\model\model-futr\4.24.0-SNAPSHOT\model-futr-4.24.0-SNAPSHOT.jar;C:\Proyectos\Telefonica\Config\javaOptions\.m2\repository\com\telefonica\coco\lib\lib-jee-Adapters\4.0.0-3\lib-jee-Adapters-4.0.0-3.jar;C:\Proyectos\Telefonica\Config\javaOptions\.m2\repository\com\telefonica\coco\lib\lib-jee-Jpa\4.0.0-3\lib-jee-Jpa-4.0.0-3.jar;C:\Proyectos\Telefonica\Config\javaOptions\.m2\repository\com\telefonica\coco\lib\lib-jee-Logging\4.0.0-3\lib-jee-Logging-4.0.0-3.jar;C:\Proyectos\Telefonica\Config\javaOptions\.m2\repository\org\springframework\data\spring-data-jpa\2.7.1\spring-data-jpa-2.7.1.jar;C:\Proyectos\Telefonica\Config\javaOptions\.m2\repository\org\springframework\data\spring-data-commons\2.7.1\spring-data-commons-2.7.1.jar;C:\Proyectos\Telefonica\Config\javaOptions\.m2\repository\javax\el\javax.el-api\2.2.4\javax.el-api-2.2.4.jar;C:\Proyectos\Telefonica\Config\javaOptions\.m2\repository\org\jvnet\jaxb2_commons\jaxb2-basics\0.6.0\jaxb2-basics-0.6.0.jar;C:\Proyectos\Telefonica\Config\javaOptions\.m2\repository\com\telefonica\futr\srv\util\srv-util-jee-Util\4.2.0-SNAPSHOT\srv-util-jee-Util-4.2.0-SNAPSHOT.jar;"/>
    <property name="sun.cpu.endian" value="little"/>
    <property name="user.home" value="C:\Proyectos\Telefonica\Config\javaOptions"/>
    <property name="user.language" value="en"/>
    <property name="java.specification.vendor" value="Oracle Corporation"/>
    <property name="java.version.date" value="2024-04-16"/>
    <property name="java.home" value="C:\Program Files\Eclipse Adoptium\jdk-17.0.11.9-hotspot"/>
    <property name="file.separator" value="\"/>
    <property name="basedir" value="C:\Test\TestProyects\srv-nuc-jee-TestLocal"/>
    <property name="java.vm.compressedOopsMode" value="Zero based"/>
    <property name="line.separator" value="&#10;"/>
    <property name="java.vm.specification.vendor" value="Oracle Corporation"/>
    <property name="java.specification.name" value="Java Platform API Specification"/>
    <property name="surefire.real.class.path" value="C:\Users\amnahar\AppData\Local\Temp\surefire8904051731276641394\surefirebooter7356121032689439223.jar"/>
    <property name="user.script" value=""/>
    <property name="sun.management.compiler" value="HotSpot 64-Bit Tiered Compilers"/>
    <property name="java.runtime.version" value="17.0.11+9"/>
    <property name="user.name" value="amnahar"/>
    <property name="path.separator" value=";"/>
    <property name="os.version" value="10.0"/>
    <property name="java.runtime.name" value="OpenJDK Runtime Environment"/>
    <property name="file.encoding" value="Cp1252"/>
    <property name="java.vm.name" value="OpenJDK 64-Bit Server VM"/>
    <property name="java.vendor.version" value="Temurin-17.0.11+9"/>
    <property name="localRepository" value="C:\Proyectos\Telefonica\Config\javaOptions\.m2\repository"/>
    <property name="java.vendor.url.bug" value="https://github.com/adoptium/adoptium-support/issues"/>
    <property name="java.io.tmpdir" value="C:\Users\amnahar\AppData\Local\Temp\"/>
    <property name="java.version" value="17.0.11"/>
    <property name="user.dir" value="C:\Test\TestProyects\srv-nuc-jee-TestLocal"/>
    <property name="os.arch" value="amd64"/>
    <property name="java.vm.specification.name" value="Java Virtual Machine Specification"/>
    <property name="sun.os.patch.level" value=""/>
    <property name="native.encoding" value="Cp1252"/>
    <property name="java.library.path" value="C:\Program Files\Eclipse Adoptium\jdk-17.0.11.9-hotspot\bin;C:\WINDOWS\Sun\Java\bin;C:\WINDOWS\system32;C:\WINDOWS;C:\Program Files\Eclipse Adoptium\jdk-17.0.11.9-hotspot\bin;C:\WINDOWS\system32;C:\WINDOWS;C:\WINDOWS\System32\Wbem;C:\WINDOWS\System32\WindowsPowerShell\v1.0\;C:\WINDOWS\System32\OpenSSH\;C:\Program Files\TortoiseSVN\bin;C:\Program Files (x86)\Pulse Secure\VC142.CRT\X64\;C:\Program Files (x86)\Pulse Secure\VC142.CRT\X86\;C:\Program Files (x86)\Common Files\Pulse Secure\TNC Client Plugin\;C:\Program Files\Git\cmd;C:\Program Files\Eclipse Adoptium\jdk-17.0.11.9-hotspot\lib;C:\Program Files\Eclipse Adoptium\jdk-17.0.11.9-hotspot\bin;C:\Software\Java\EXT\apache-maven\apache-maven-3.8.8-bin\apache-maven-3.8.8\lib;C:\Software\Java\EXT\apache-maven\apache-maven-3.8.8-bin\apache-maven-3.8.8\bin;C:\Users\amnahar\AppData\Local\Microsoft\WindowsApps;;."/>
    <property name="java.vm.info" value="mixed mode, sharing"/>
    <property name="java.vendor" value="Eclipse Adoptium"/>
    <property name="java.vm.version" value="17.0.11+9"/>
    <property name="sun.io.unicode.encoding" value="UnicodeLittle"/>
    <property name="skiptests" value="true"/>
    <property name="java.class.version" value="61.0"/>
  </properties>
  <testcase name="testPojoStructureAndBehavior" classname="com.telefonica.futr.srv.nuc.testlocal.msg.PojoTest" time="0.143"/>
</testsuite>